2021-03-23 15:02:45 INFO: command line argument: seed - 0
2021-03-23 15:02:45 INFO: command line argument: dataset - <Data.sigmorphon19task1: 'sigmorphon19task1'>
2021-03-23 15:02:45 INFO: command line argument: train - ['sample/task1/german--middle-high-german/german-train-high', 'sample/task1/german--middle-high-german/middle-high-german-train-low']
2021-03-23 15:02:45 INFO: command line argument: dev - 'sample/task1/german--middle-high-german/middle-high-german-dev'
2021-03-23 15:02:45 INFO: command line argument: test - None
2021-03-23 15:02:45 INFO: command line argument: model - 'model/sigmorphon19/task1/tag-soft/german--middle-high-german'
2021-03-23 15:02:45 INFO: command line argument: load - ''
2021-03-23 15:02:45 INFO: command line argument: bs - 20
2021-03-23 15:02:45 INFO: command line argument: epochs - 4
2021-03-23 15:02:45 INFO: command line argument: optimizer - 'Adam'
2021-03-23 15:02:45 INFO: command line argument: lr - 0.001
2021-03-23 15:02:45 INFO: command line argument: min_lr - 1e-05
2021-03-23 15:02:45 INFO: command line argument: momentum - 0.9
2021-03-23 15:02:45 INFO: command line argument: estop - 1e-08
2021-03-23 15:02:45 INFO: command line argument: cooldown - 0
2021-03-23 15:02:45 INFO: command line argument: patience - 10
2021-03-23 15:02:45 INFO: command line argument: discount_factor - 0.5
2021-03-23 15:02:45 INFO: command line argument: max_norm - 5.0
2021-03-23 15:02:45 INFO: command line argument: dropout - 0.4
2021-03-23 15:02:45 INFO: command line argument: embed_dim - 200
2021-03-23 15:02:45 INFO: command line argument: src_layer - 2
2021-03-23 15:02:45 INFO: command line argument: trg_layer - 1
2021-03-23 15:02:45 INFO: command line argument: src_hs - 400
2021-03-23 15:02:45 INFO: command line argument: trg_hs - 400
2021-03-23 15:02:45 INFO: command line argument: arch - <Arch.soft: 'soft'>
2021-03-23 15:02:45 INFO: command line argument: wid_siz - 11
2021-03-23 15:02:45 INFO: command line argument: loglevel - 'info'
2021-03-23 15:02:45 INFO: command line argument: saveall - False
2021-03-23 15:02:45 INFO: command line argument: mono - False
2021-03-23 15:02:45 INFO: command line argument: bestacc - False
2021-03-23 15:02:45 INFO: command line argument: shuffle - True
2021-03-23 15:02:45 INFO: src vocab size 90
2021-03-23 15:02:45 INFO: trg vocab size 70
2021-03-23 15:02:45 INFO: src vocab ['<PAD>', '<s>', '<\\s>', '<UNK>', ' ', "'", '-', 'A', 'B', 'C', 'D', 'E', 'F', 'G', 'H', 'I', 'J', 'K', 'L', 'M', 'N', 'O', 'P', 'Q', 'R', 'S', 'T', 'U', 'V', 'W', 'X', 'Y', 'Z', 'a', 'b', 'c', 'd', 'e', 'f', 'g', 'h', 'i', 'j', 'k', 'l', 'm', 'n', 'o', 'p', 'q', 'r', 's', 't', 'u', 'v', 'w', 'x', 'y', 'z', 'Ä', 'Ö', 'Ü', 'ß', 'â', 'ä', 'è', 'é', 'ë', 'ö', 'ü', '1', '2', '3', 'ACC', 'DAT', 'GEN', 'IMP', 'IND', 'N', 'NFIN', 'NOM', 'PL', 'PRS', 'PST', 'SBJV', 'SG', 'V', 'V.PTCP', 'german', 'middle-high-german']
2021-03-23 15:02:45 INFO: trg vocab ['<PAD>', '<s>', '<\\s>', '<UNK>', ' ', "'", '-', 'A', 'B', 'C', 'D', 'E', 'F', 'G', 'H', 'I', 'J', 'K', 'L', 'M', 'N', 'O', 'P', 'Q', 'R', 'S', 'T', 'U', 'V', 'W', 'X', 'Y', 'Z', 'a', 'b', 'c', 'd', 'e', 'f', 'g', 'h', 'i', 'j', 'k', 'l', 'm', 'n', 'o', 'p', 'q', 'r', 's', 't', 'u', 'v', 'w', 'x', 'y', 'z', 'Ä', 'Ö', 'Ü', 'ß', 'â', 'ä', 'è', 'é', 'ë', 'ö', 'ü']
2021-03-23 15:02:45 INFO: number of attribute 21
2021-03-23 15:02:45 INFO: dec 1st rnn LSTMCell(240, 400)
2021-03-23 15:02:45 INFO: number of parameter 8708190
2021-03-23 15:02:54 INFO: At 0-th epoch with lr 0.001000.
2021-03-23 15:03:56 INFO: Average dev loss value per instance is 0.912720 at the end of epoch 0
2021-03-23 15:03:56 INFO: dev accuracy is 30.000000 at the end of epoch 0
2021-03-23 15:03:56 INFO: dev average edit distance is 1.300000 at the end of epoch 0
2021-03-23 15:03:57 INFO: At 1-th epoch with lr 0.001000.
2021-03-23 15:04:58 INFO: Average dev loss value per instance is 0.844172 at the end of epoch 1
2021-03-23 15:04:58 INFO: dev accuracy is 30.000000 at the end of epoch 1
2021-03-23 15:04:58 INFO: dev average edit distance is 1.400000 at the end of epoch 1
2021-03-23 15:04:58 INFO: At 2-th epoch with lr 0.001000.
2021-03-23 15:05:59 INFO: Average dev loss value per instance is 0.847041 at the end of epoch 2
2021-03-23 15:06:00 INFO: dev accuracy is 32.000000 at the end of epoch 2
2021-03-23 15:06:00 INFO: dev average edit distance is 1.320000 at the end of epoch 2
2021-03-23 15:06:00 INFO: At 3-th epoch with lr 0.001000.
2021-03-23 15:07:01 INFO: Average dev loss value per instance is 0.893297 at the end of epoch 3
2021-03-23 15:07:01 INFO: dev accuracy is 26.000000 at the end of epoch 3
2021-03-23 15:07:01 INFO: dev average edit distance is 1.460000 at the end of epoch 3
2021-03-23 15:07:01 INFO: loading model/sigmorphon19/task1/tag-soft/german--middle-high-german.nll_0.8470.acc_32.0.dist_1.32.epoch_2 for testing
2021-03-23 15:07:01 INFO: load model in model/sigmorphon19/task1/tag-soft/german--middle-high-german.nll_0.8470.acc_32.0.dist_1.32.epoch_2
2021-03-23 15:07:01 INFO: decoding dev set
2021-03-23 15:07:02 INFO: finished decoding 50 dev instance
2021-03-23 15:22:22 INFO: command line argument: seed - 0
2021-03-23 15:22:22 INFO: command line argument: dataset - <Data.sigmorphon19task1: 'sigmorphon19task1'>
2021-03-23 15:22:22 INFO: command line argument: train - ['sample/task1/german--middle-high-german/german-train-high', 'sample/task1/german--middle-high-german/middle-high-german-train-low']
2021-03-23 15:22:22 INFO: command line argument: dev - 'sample/task1/german--middle-high-german/middle-high-german-dev'
2021-03-23 15:22:22 INFO: command line argument: test - None
2021-03-23 15:22:22 INFO: command line argument: model - 'model/sigmorphon19/task1/tag-soft/german--middle-high-german'
2021-03-23 15:22:22 INFO: command line argument: load - ''
2021-03-23 15:22:22 INFO: command line argument: bs - 20
2021-03-23 15:22:22 INFO: command line argument: epochs - 10
2021-03-23 15:22:22 INFO: command line argument: optimizer - 'Adam'
2021-03-23 15:22:22 INFO: command line argument: lr - 0.001
2021-03-23 15:22:22 INFO: command line argument: min_lr - 1e-05
2021-03-23 15:22:22 INFO: command line argument: momentum - 0.9
2021-03-23 15:22:22 INFO: command line argument: estop - 1e-08
2021-03-23 15:22:22 INFO: command line argument: cooldown - 0
2021-03-23 15:22:22 INFO: command line argument: patience - 10
2021-03-23 15:22:22 INFO: command line argument: discount_factor - 0.5
2021-03-23 15:22:22 INFO: command line argument: max_norm - 5.0
2021-03-23 15:22:22 INFO: command line argument: dropout - 0.4
2021-03-23 15:22:22 INFO: command line argument: embed_dim - 200
2021-03-23 15:22:22 INFO: command line argument: src_layer - 2
2021-03-23 15:22:22 INFO: command line argument: trg_layer - 1
2021-03-23 15:22:22 INFO: command line argument: src_hs - 400
2021-03-23 15:22:22 INFO: command line argument: trg_hs - 400
2021-03-23 15:22:22 INFO: command line argument: arch - <Arch.soft: 'soft'>
2021-03-23 15:22:22 INFO: command line argument: wid_siz - 11
2021-03-23 15:22:22 INFO: command line argument: loglevel - 'info'
2021-03-23 15:22:22 INFO: command line argument: saveall - False
2021-03-23 15:22:22 INFO: command line argument: mono - False
2021-03-23 15:22:22 INFO: command line argument: bestacc - False
2021-03-23 15:22:22 INFO: command line argument: shuffle - True
2021-03-23 15:22:22 INFO: src vocab size 90
2021-03-23 15:22:22 INFO: trg vocab size 70
2021-03-23 15:22:22 INFO: src vocab ['<PAD>', '<s>', '<\\s>', '<UNK>', ' ', "'", '-', 'A', 'B', 'C', 'D', 'E', 'F', 'G', 'H', 'I', 'J', 'K', 'L', 'M', 'N', 'O', 'P', 'Q', 'R', 'S', 'T', 'U', 'V', 'W', 'X', 'Y', 'Z', 'a', 'b', 'c', 'd', 'e', 'f', 'g', 'h', 'i', 'j', 'k', 'l', 'm', 'n', 'o', 'p', 'q', 'r', 's', 't', 'u', 'v', 'w', 'x', 'y', 'z', 'Ä', 'Ö', 'Ü', 'ß', 'â', 'ä', 'è', 'é', 'ë', 'ö', 'ü', '1', '2', '3', 'ACC', 'DAT', 'GEN', 'IMP', 'IND', 'N', 'NFIN', 'NOM', 'PL', 'PRS', 'PST', 'SBJV', 'SG', 'V', 'V.PTCP', 'german', 'middle-high-german']
2021-03-23 15:22:22 INFO: trg vocab ['<PAD>', '<s>', '<\\s>', '<UNK>', ' ', "'", '-', 'A', 'B', 'C', 'D', 'E', 'F', 'G', 'H', 'I', 'J', 'K', 'L', 'M', 'N', 'O', 'P', 'Q', 'R', 'S', 'T', 'U', 'V', 'W', 'X', 'Y', 'Z', 'a', 'b', 'c', 'd', 'e', 'f', 'g', 'h', 'i', 'j', 'k', 'l', 'm', 'n', 'o', 'p', 'q', 'r', 's', 't', 'u', 'v', 'w', 'x', 'y', 'z', 'Ä', 'Ö', 'Ü', 'ß', 'â', 'ä', 'è', 'é', 'ë', 'ö', 'ü']
2021-03-23 15:22:22 INFO: number of attribute 21
2021-03-23 15:22:22 INFO: dec 1st rnn LSTMCell(240, 400)
2021-03-23 15:22:22 INFO: number of parameter 8708190
2021-03-23 15:22:24 INFO: At 0-th epoch with lr 0.001000.
2021-03-23 15:23:26 INFO: Average dev loss value per instance is 0.912720 at the end of epoch 0
2021-03-23 15:23:26 INFO: dev accuracy is 30.000000 at the end of epoch 0
2021-03-23 15:23:26 INFO: dev average edit distance is 1.300000 at the end of epoch 0
2021-03-23 15:23:27 INFO: At 1-th epoch with lr 0.001000.
2021-03-23 15:24:28 INFO: Average dev loss value per instance is 0.844172 at the end of epoch 1
2021-03-23 15:24:28 INFO: dev accuracy is 30.000000 at the end of epoch 1
2021-03-23 15:24:28 INFO: dev average edit distance is 1.400000 at the end of epoch 1
2021-03-23 15:24:28 INFO: At 2-th epoch with lr 0.001000.
2021-03-23 15:25:29 INFO: Average dev loss value per instance is 0.847041 at the end of epoch 2
2021-03-23 15:25:29 INFO: dev accuracy is 32.000000 at the end of epoch 2
2021-03-23 15:25:29 INFO: dev average edit distance is 1.320000 at the end of epoch 2
2021-03-23 15:25:29 INFO: At 3-th epoch with lr 0.001000.
2021-03-23 15:26:30 INFO: Average dev loss value per instance is 0.893297 at the end of epoch 3
2021-03-23 15:26:30 INFO: dev accuracy is 26.000000 at the end of epoch 3
2021-03-23 15:26:30 INFO: dev average edit distance is 1.460000 at the end of epoch 3
2021-03-23 15:26:30 INFO: At 4-th epoch with lr 0.001000.
2021-03-23 15:27:31 INFO: Average dev loss value per instance is 0.680868 at the end of epoch 4
2021-03-23 15:27:32 INFO: dev accuracy is 42.000000 at the end of epoch 4
2021-03-23 15:27:32 INFO: dev average edit distance is 1.240000 at the end of epoch 4
2021-03-23 15:27:32 INFO: At 5-th epoch with lr 0.001000.
2021-03-23 15:28:32 INFO: Average dev loss value per instance is 0.750842 at the end of epoch 5
2021-03-23 15:28:33 INFO: dev accuracy is 20.000000 at the end of epoch 5
2021-03-23 15:28:33 INFO: dev average edit distance is 1.400000 at the end of epoch 5
2021-03-23 15:28:33 INFO: At 6-th epoch with lr 0.001000.
2021-03-23 15:29:34 INFO: Average dev loss value per instance is 0.529853 at the end of epoch 6
2021-03-23 15:29:34 INFO: dev accuracy is 34.000000 at the end of epoch 6
2021-03-23 15:29:34 INFO: dev average edit distance is 1.180000 at the end of epoch 6
2021-03-23 15:29:34 INFO: At 7-th epoch with lr 0.001000.
2021-03-23 15:30:35 INFO: Average dev loss value per instance is 0.617277 at the end of epoch 7
2021-03-23 15:30:35 INFO: dev accuracy is 40.000000 at the end of epoch 7
2021-03-23 15:30:35 INFO: dev average edit distance is 1.180000 at the end of epoch 7
2021-03-23 15:30:35 INFO: At 8-th epoch with lr 0.001000.
2021-03-23 15:31:36 INFO: Average dev loss value per instance is 0.582232 at the end of epoch 8
2021-03-23 15:31:36 INFO: dev accuracy is 42.000000 at the end of epoch 8
2021-03-23 15:31:36 INFO: dev average edit distance is 1.180000 at the end of epoch 8
2021-03-23 15:31:36 INFO: At 9-th epoch with lr 0.001000.
2021-03-23 15:32:37 INFO: Average dev loss value per instance is 0.650020 at the end of epoch 9
2021-03-23 15:32:38 INFO: dev accuracy is 34.000000 at the end of epoch 9
2021-03-23 15:32:38 INFO: dev average edit distance is 1.180000 at the end of epoch 9
2021-03-23 15:32:38 INFO: loading model/sigmorphon19/task1/tag-soft/german--middle-high-german.nll_0.5822.acc_42.0.dist_1.18.epoch_8 for testing
2021-03-23 15:32:38 INFO: load model in model/sigmorphon19/task1/tag-soft/german--middle-high-german.nll_0.5822.acc_42.0.dist_1.18.epoch_8
2021-03-23 15:32:38 INFO: decoding dev set
2021-03-23 15:32:38 INFO: finished decoding 50 dev instance
2021-03-23 15:44:38 INFO: command line argument: seed - 0
2021-03-23 15:44:38 INFO: command line argument: dataset - <Data.sigmorphon19task1: 'sigmorphon19task1'>
2021-03-23 15:44:38 INFO: command line argument: train - ['sample/task1/german--middle-high-german/german-train-high', 'sample/task1/german--middle-high-german/middle-high-german-train-low']
2021-03-23 15:44:38 INFO: command line argument: dev - 'sample/task1/german--middle-high-german/middle-high-german-dev'
2021-03-23 15:44:38 INFO: command line argument: test - None
2021-03-23 15:44:38 INFO: command line argument: model - 'model/sigmorphon19/task1/tag-soft/german--middle-high-german'
2021-03-23 15:44:38 INFO: command line argument: load - ''
2021-03-23 15:44:38 INFO: command line argument: bs - 20
2021-03-23 15:44:38 INFO: command line argument: epochs - 15
2021-03-23 15:44:38 INFO: command line argument: optimizer - 'Adam'
2021-03-23 15:44:38 INFO: command line argument: lr - 0.001
2021-03-23 15:44:38 INFO: command line argument: min_lr - 1e-05
2021-03-23 15:44:38 INFO: command line argument: momentum - 0.9
2021-03-23 15:44:38 INFO: command line argument: estop - 1e-08
2021-03-23 15:44:38 INFO: command line argument: cooldown - 0
2021-03-23 15:44:38 INFO: command line argument: patience - 10
2021-03-23 15:44:38 INFO: command line argument: discount_factor - 0.5
2021-03-23 15:44:38 INFO: command line argument: max_norm - 5.0
2021-03-23 15:44:38 INFO: command line argument: dropout - 0.4
2021-03-23 15:44:38 INFO: command line argument: embed_dim - 200
2021-03-23 15:44:38 INFO: command line argument: src_layer - 2
2021-03-23 15:44:38 INFO: command line argument: trg_layer - 1
2021-03-23 15:44:38 INFO: command line argument: src_hs - 400
2021-03-23 15:44:38 INFO: command line argument: trg_hs - 400
2021-03-23 15:44:38 INFO: command line argument: arch - <Arch.soft: 'soft'>
2021-03-23 15:44:38 INFO: command line argument: wid_siz - 11
2021-03-23 15:44:38 INFO: command line argument: loglevel - 'info'
2021-03-23 15:44:38 INFO: command line argument: saveall - False
2021-03-23 15:44:38 INFO: command line argument: mono - False
2021-03-23 15:44:38 INFO: command line argument: bestacc - False
2021-03-23 15:44:38 INFO: command line argument: shuffle - True
2021-03-23 15:44:38 INFO: src vocab size 90
2021-03-23 15:44:38 INFO: trg vocab size 70
2021-03-23 15:44:38 INFO: src vocab ['<PAD>', '<s>', '<\\s>', '<UNK>', ' ', "'", '-', 'A', 'B', 'C', 'D', 'E', 'F', 'G', 'H', 'I', 'J', 'K', 'L', 'M', 'N', 'O', 'P', 'Q', 'R', 'S', 'T', 'U', 'V', 'W', 'X', 'Y', 'Z', 'a', 'b', 'c', 'd', 'e', 'f', 'g', 'h', 'i', 'j', 'k', 'l', 'm', 'n', 'o', 'p', 'q', 'r', 's', 't', 'u', 'v', 'w', 'x', 'y', 'z', 'Ä', 'Ö', 'Ü', 'ß', 'â', 'ä', 'è', 'é', 'ë', 'ö', 'ü', '1', '2', '3', 'ACC', 'DAT', 'GEN', 'IMP', 'IND', 'N', 'NFIN', 'NOM', 'PL', 'PRS', 'PST', 'SBJV', 'SG', 'V', 'V.PTCP', 'german', 'middle-high-german']
2021-03-23 15:44:38 INFO: trg vocab ['<PAD>', '<s>', '<\\s>', '<UNK>', ' ', "'", '-', 'A', 'B', 'C', 'D', 'E', 'F', 'G', 'H', 'I', 'J', 'K', 'L', 'M', 'N', 'O', 'P', 'Q', 'R', 'S', 'T', 'U', 'V', 'W', 'X', 'Y', 'Z', 'a', 'b', 'c', 'd', 'e', 'f', 'g', 'h', 'i', 'j', 'k', 'l', 'm', 'n', 'o', 'p', 'q', 'r', 's', 't', 'u', 'v', 'w', 'x', 'y', 'z', 'Ä', 'Ö', 'Ü', 'ß', 'â', 'ä', 'è', 'é', 'ë', 'ö', 'ü']
2021-03-23 15:44:38 INFO: number of attribute 21
2021-03-23 15:44:38 INFO: dec 1st rnn LSTMCell(240, 400)
2021-03-23 15:44:38 INFO: number of parameter 8708190
2021-03-23 15:44:40 INFO: At 0-th epoch with lr 0.001000.
2021-03-23 15:45:42 INFO: Average dev loss value per instance is 0.912720 at the end of epoch 0
2021-03-23 15:45:42 INFO: dev accuracy is 30.000000 at the end of epoch 0
2021-03-23 15:45:42 INFO: dev average edit distance is 1.300000 at the end of epoch 0
2021-03-23 15:45:42 INFO: At 1-th epoch with lr 0.001000.
2021-03-23 15:46:43 INFO: Average dev loss value per instance is 0.844172 at the end of epoch 1
2021-03-23 15:46:43 INFO: dev accuracy is 30.000000 at the end of epoch 1
2021-03-23 15:46:43 INFO: dev average edit distance is 1.400000 at the end of epoch 1
2021-03-23 15:46:44 INFO: At 2-th epoch with lr 0.001000.
2021-03-23 15:47:44 INFO: Average dev loss value per instance is 0.847041 at the end of epoch 2
2021-03-23 15:47:44 INFO: dev accuracy is 32.000000 at the end of epoch 2
2021-03-23 15:47:44 INFO: dev average edit distance is 1.320000 at the end of epoch 2
2021-03-23 15:47:45 INFO: At 3-th epoch with lr 0.001000.
2021-03-23 15:48:45 INFO: Average dev loss value per instance is 0.893297 at the end of epoch 3
2021-03-23 15:48:45 INFO: dev accuracy is 26.000000 at the end of epoch 3
2021-03-23 15:48:45 INFO: dev average edit distance is 1.460000 at the end of epoch 3
2021-03-23 15:48:45 INFO: At 4-th epoch with lr 0.001000.
2021-03-23 15:49:46 INFO: Average dev loss value per instance is 0.680868 at the end of epoch 4
2021-03-23 15:49:46 INFO: dev accuracy is 42.000000 at the end of epoch 4
2021-03-23 15:49:46 INFO: dev average edit distance is 1.240000 at the end of epoch 4
2021-03-23 15:49:46 INFO: At 5-th epoch with lr 0.001000.
2021-03-23 15:50:47 INFO: Average dev loss value per instance is 0.750842 at the end of epoch 5
2021-03-23 15:50:47 INFO: dev accuracy is 20.000000 at the end of epoch 5
2021-03-23 15:50:47 INFO: dev average edit distance is 1.400000 at the end of epoch 5
2021-03-23 15:50:47 INFO: At 6-th epoch with lr 0.001000.
2021-03-23 15:51:48 INFO: Average dev loss value per instance is 0.529853 at the end of epoch 6
2021-03-23 15:51:48 INFO: dev accuracy is 34.000000 at the end of epoch 6
2021-03-23 15:51:48 INFO: dev average edit distance is 1.180000 at the end of epoch 6
2021-03-23 15:51:48 INFO: At 7-th epoch with lr 0.001000.
2021-03-23 15:52:48 INFO: Average dev loss value per instance is 0.617277 at the end of epoch 7
2021-03-23 15:52:49 INFO: dev accuracy is 40.000000 at the end of epoch 7
2021-03-23 15:52:49 INFO: dev average edit distance is 1.180000 at the end of epoch 7
2021-03-23 15:52:49 INFO: At 8-th epoch with lr 0.001000.
2021-03-23 15:53:49 INFO: Average dev loss value per instance is 0.582232 at the end of epoch 8
2021-03-23 15:53:49 INFO: dev accuracy is 42.000000 at the end of epoch 8
2021-03-23 15:53:49 INFO: dev average edit distance is 1.180000 at the end of epoch 8
2021-03-23 15:53:50 INFO: At 9-th epoch with lr 0.001000.
2021-03-23 15:54:50 INFO: Average dev loss value per instance is 0.650020 at the end of epoch 9
2021-03-23 15:54:50 INFO: dev accuracy is 34.000000 at the end of epoch 9
2021-03-23 15:54:50 INFO: dev average edit distance is 1.180000 at the end of epoch 9
2021-03-23 15:54:50 INFO: At 10-th epoch with lr 0.001000.
2021-03-23 15:55:50 INFO: Average dev loss value per instance is 0.615719 at the end of epoch 10
2021-03-23 15:55:51 INFO: dev accuracy is 38.000000 at the end of epoch 10
2021-03-23 15:55:51 INFO: dev average edit distance is 1.140000 at the end of epoch 10
2021-03-23 15:55:51 INFO: At 11-th epoch with lr 0.001000.
2021-03-23 15:56:51 INFO: Average dev loss value per instance is 0.635823 at the end of epoch 11
2021-03-23 15:56:52 INFO: dev accuracy is 30.000000 at the end of epoch 11
2021-03-23 15:56:52 INFO: dev average edit distance is 1.120000 at the end of epoch 11
2021-03-23 15:56:52 INFO: At 12-th epoch with lr 0.001000.
2021-03-23 15:57:52 INFO: Average dev loss value per instance is 0.679018 at the end of epoch 12
2021-03-23 15:57:52 INFO: dev accuracy is 36.000000 at the end of epoch 12
2021-03-23 15:57:52 INFO: dev average edit distance is 1.140000 at the end of epoch 12
2021-03-23 15:57:53 INFO: At 13-th epoch with lr 0.001000.
2021-03-23 15:58:53 INFO: Average dev loss value per instance is 0.683379 at the end of epoch 13
2021-03-23 15:58:53 INFO: dev accuracy is 46.000000 at the end of epoch 13
2021-03-23 15:58:53 INFO: dev average edit distance is 0.960000 at the end of epoch 13
2021-03-23 15:58:53 INFO: At 14-th epoch with lr 0.001000.
2021-03-23 15:59:53 INFO: Average dev loss value per instance is 0.841241 at the end of epoch 14
2021-03-23 15:59:53 INFO: dev accuracy is 36.000000 at the end of epoch 14
2021-03-23 15:59:53 INFO: dev average edit distance is 1.180000 at the end of epoch 14
2021-03-23 15:59:53 INFO: loading model/sigmorphon19/task1/tag-soft/german--middle-high-german.nll_0.6834.acc_46.0.dist_0.96.epoch_13 for testing
2021-03-23 15:59:53 INFO: load model in model/sigmorphon19/task1/tag-soft/german--middle-high-german.nll_0.6834.acc_46.0.dist_0.96.epoch_13
2021-03-23 15:59:53 INFO: decoding dev set
2021-03-23 15:59:54 INFO: finished decoding 50 dev instance
