2021-03-23 15:24:56 INFO: command line argument: seed - 0
2021-03-23 15:24:56 INFO: command line argument: dataset - <Data.sigmorphon19task1: 'sigmorphon19task1'>
2021-03-23 15:24:56 INFO: command line argument: train - ['sample/task1/hindi--bengali/hindi-train-high', 'sample/task1/hindi--bengali/bengali-train-low']
2021-03-23 15:24:56 INFO: command line argument: dev - 'sample/task1/hindi--bengali/bengali-dev'
2021-03-23 15:24:56 INFO: command line argument: test - None
2021-03-23 15:24:56 INFO: command line argument: model - 'model/sigmorphon19/task1/tag-soft/hindi--bengali'
2021-03-23 15:24:56 INFO: command line argument: load - ''
2021-03-23 15:24:56 INFO: command line argument: bs - 20
2021-03-23 15:24:56 INFO: command line argument: epochs - 10
2021-03-23 15:24:56 INFO: command line argument: optimizer - 'Adam'
2021-03-23 15:24:56 INFO: command line argument: lr - 0.001
2021-03-23 15:24:56 INFO: command line argument: min_lr - 1e-05
2021-03-23 15:24:56 INFO: command line argument: momentum - 0.9
2021-03-23 15:24:56 INFO: command line argument: estop - 1e-08
2021-03-23 15:24:56 INFO: command line argument: cooldown - 0
2021-03-23 15:24:56 INFO: command line argument: patience - 10
2021-03-23 15:24:56 INFO: command line argument: discount_factor - 0.5
2021-03-23 15:24:56 INFO: command line argument: max_norm - 5.0
2021-03-23 15:24:56 INFO: command line argument: dropout - 0.4
2021-03-23 15:24:56 INFO: command line argument: embed_dim - 200
2021-03-23 15:24:56 INFO: command line argument: src_layer - 2
2021-03-23 15:24:56 INFO: command line argument: trg_layer - 1
2021-03-23 15:24:56 INFO: command line argument: src_hs - 400
2021-03-23 15:24:56 INFO: command line argument: trg_hs - 400
2021-03-23 15:24:56 INFO: command line argument: arch - <Arch.soft: 'soft'>
2021-03-23 15:24:56 INFO: command line argument: wid_siz - 11
2021-03-23 15:24:56 INFO: command line argument: loglevel - 'info'
2021-03-23 15:24:56 INFO: command line argument: saveall - False
2021-03-23 15:24:56 INFO: command line argument: mono - False
2021-03-23 15:24:56 INFO: command line argument: bestacc - False
2021-03-23 15:24:56 INFO: command line argument: shuffle - True
2021-03-23 15:30:09 INFO: command line argument: seed - 0
2021-03-23 15:30:09 INFO: command line argument: dataset - <Data.sigmorphon19task1: 'sigmorphon19task1'>
2021-03-23 15:30:09 INFO: command line argument: train - ['sample/task1/hindi--bengali/hindi-train-high', 'sample/task1/hindi--bengali/bengali-train-low']
2021-03-23 15:30:09 INFO: command line argument: dev - 'sample/task1/hindi--bengali/bengali-dev'
2021-03-23 15:30:09 INFO: command line argument: test - None
2021-03-23 15:30:09 INFO: command line argument: model - 'model/sigmorphon19/task1/tag-soft/hindi--bengali'
2021-03-23 15:30:09 INFO: command line argument: load - ''
2021-03-23 15:30:09 INFO: command line argument: bs - 20
2021-03-23 15:30:09 INFO: command line argument: epochs - 10
2021-03-23 15:30:09 INFO: command line argument: optimizer - 'Adam'
2021-03-23 15:30:09 INFO: command line argument: lr - 0.001
2021-03-23 15:30:09 INFO: command line argument: min_lr - 1e-05
2021-03-23 15:30:09 INFO: command line argument: momentum - 0.9
2021-03-23 15:30:09 INFO: command line argument: estop - 1e-08
2021-03-23 15:30:09 INFO: command line argument: cooldown - 0
2021-03-23 15:30:09 INFO: command line argument: patience - 10
2021-03-23 15:30:09 INFO: command line argument: discount_factor - 0.5
2021-03-23 15:30:09 INFO: command line argument: max_norm - 5.0
2021-03-23 15:30:09 INFO: command line argument: dropout - 0.4
2021-03-23 15:30:09 INFO: command line argument: embed_dim - 200
2021-03-23 15:30:09 INFO: command line argument: src_layer - 2
2021-03-23 15:30:09 INFO: command line argument: trg_layer - 1
2021-03-23 15:30:09 INFO: command line argument: src_hs - 400
2021-03-23 15:30:09 INFO: command line argument: trg_hs - 400
2021-03-23 15:30:09 INFO: command line argument: arch - <Arch.soft: 'soft'>
2021-03-23 15:30:09 INFO: command line argument: wid_siz - 11
2021-03-23 15:30:09 INFO: command line argument: loglevel - 'info'
2021-03-23 15:30:09 INFO: command line argument: saveall - False
2021-03-23 15:30:09 INFO: command line argument: mono - False
2021-03-23 15:30:09 INFO: command line argument: bestacc - False
2021-03-23 15:30:09 INFO: command line argument: shuffle - True
2021-03-23 15:30:09 INFO: src vocab size 79
2021-03-23 15:30:09 INFO: trg vocab size 51
2021-03-23 15:30:09 INFO: src vocab ['<PAD>', '<s>', '<\\s>', '<UNK>', ' ', 'ঁ', 'অ', 'আ', 'ই', 'উ', 'এ', 'ও', 'ক', 'খ', 'গ', 'ঘ', 'ঙ', 'চ', 'ছ', 'জ', 'ট', 'ঠ', 'ড', 'ঢ', 'ণ', 'ত', 'দ', 'ধ', 'ন', 'প', 'ফ', 'ব', 'ভ', 'ম', 'য', 'র', 'ল', 'শ', 'ষ', 'স', 'হ', '়', 'া', 'ি', 'ী', 'ু', 'ৃ', 'ে', 'ো', 'ৌ', '্', '1', '2', '3', 'ACC', 'COND', 'DEF', 'FUT', 'GEN', 'HAB', 'INFM', 'LGSPEC1', 'LOC', 'N', 'NDEF', 'NOM', 'PL', 'POL', 'PRF', 'PROG', 'PRS', 'PST', 'SG', 'V', 'V.MSDR', 'V.NFIN', 'V.PTCP', 'bengali', 'hindi']
2021-03-23 15:30:09 INFO: trg vocab ['<PAD>', '<s>', '<\\s>', '<UNK>', ' ', 'ঁ', 'অ', 'আ', 'ই', 'উ', 'এ', 'ও', 'ক', 'খ', 'গ', 'ঘ', 'ঙ', 'চ', 'ছ', 'জ', 'ট', 'ঠ', 'ড', 'ঢ', 'ণ', 'ত', 'দ', 'ধ', 'ন', 'প', 'ফ', 'ব', 'ভ', 'ম', 'য', 'র', 'ল', 'শ', 'ষ', 'স', 'হ', '়', 'া', 'ি', 'ী', 'ু', 'ৃ', 'ে', 'ো', 'ৌ', '্']
2021-03-23 15:30:10 INFO: number of attribute 29
2021-03-23 15:30:10 INFO: dec 1st rnn LSTMCell(240, 400)
2021-03-23 15:30:10 INFO: number of parameter 8690891
2021-03-23 15:30:18 INFO: At 0-th epoch with lr 0.001000.
2021-03-23 15:30:20 INFO: Average dev loss value per instance is 2.889239 at the end of epoch 0
2021-03-23 15:30:21 INFO: dev accuracy is 0.000000 at the end of epoch 0
2021-03-23 15:30:21 INFO: dev average edit distance is 6.240000 at the end of epoch 0
2021-03-23 15:30:21 INFO: At 1-th epoch with lr 0.001000.
2021-03-23 15:30:22 INFO: Average dev loss value per instance is 2.427403 at the end of epoch 1
2021-03-23 15:30:23 INFO: dev accuracy is 0.000000 at the end of epoch 1
2021-03-23 15:30:23 INFO: dev average edit distance is 8.720000 at the end of epoch 1
2021-03-23 15:30:23 INFO: At 2-th epoch with lr 0.001000.
2021-03-23 15:30:25 INFO: Average dev loss value per instance is 2.016135 at the end of epoch 2
2021-03-23 15:30:26 INFO: dev accuracy is 0.000000 at the end of epoch 2
2021-03-23 15:30:26 INFO: dev average edit distance is 7.890000 at the end of epoch 2
2021-03-23 15:30:26 INFO: At 3-th epoch with lr 0.001000.
2021-03-23 15:30:27 INFO: Average dev loss value per instance is 1.597167 at the end of epoch 3
2021-03-23 15:30:28 INFO: dev accuracy is 1.000000 at the end of epoch 3
2021-03-23 15:30:28 INFO: dev average edit distance is 4.540000 at the end of epoch 3
2021-03-23 15:30:28 INFO: At 4-th epoch with lr 0.001000.
2021-03-23 15:30:30 INFO: Average dev loss value per instance is 1.363164 at the end of epoch 4
2021-03-23 15:30:31 INFO: dev accuracy is 0.000000 at the end of epoch 4
2021-03-23 15:30:31 INFO: dev average edit distance is 5.020000 at the end of epoch 4
2021-03-23 15:30:31 INFO: At 5-th epoch with lr 0.001000.
2021-03-23 15:30:32 INFO: Average dev loss value per instance is 1.126295 at the end of epoch 5
2021-03-23 15:30:33 INFO: dev accuracy is 8.000000 at the end of epoch 5
2021-03-23 15:30:33 INFO: dev average edit distance is 3.040000 at the end of epoch 5
2021-03-23 15:30:34 INFO: At 6-th epoch with lr 0.001000.
2021-03-23 15:30:35 INFO: Average dev loss value per instance is 1.049820 at the end of epoch 6
2021-03-23 15:30:36 INFO: dev accuracy is 8.000000 at the end of epoch 6
2021-03-23 15:30:36 INFO: dev average edit distance is 2.770000 at the end of epoch 6
2021-03-23 15:30:36 INFO: At 7-th epoch with lr 0.001000.
2021-03-23 15:30:37 INFO: Average dev loss value per instance is 0.911426 at the end of epoch 7
2021-03-23 15:30:38 INFO: dev accuracy is 17.000000 at the end of epoch 7
2021-03-23 15:30:38 INFO: dev average edit distance is 2.590000 at the end of epoch 7
2021-03-23 15:30:38 INFO: At 8-th epoch with lr 0.001000.
2021-03-23 15:30:40 INFO: Average dev loss value per instance is 0.899828 at the end of epoch 8
2021-03-23 15:30:41 INFO: dev accuracy is 20.000000 at the end of epoch 8
2021-03-23 15:30:41 INFO: dev average edit distance is 2.180000 at the end of epoch 8
2021-03-23 15:30:41 INFO: At 9-th epoch with lr 0.001000.
2021-03-23 15:30:42 INFO: Average dev loss value per instance is 0.793140 at the end of epoch 9
2021-03-23 15:30:43 INFO: dev accuracy is 25.000000 at the end of epoch 9
2021-03-23 15:30:43 INFO: dev average edit distance is 2.040000 at the end of epoch 9
2021-03-23 15:30:43 INFO: loading model/sigmorphon19/task1/tag-soft/hindi--bengali.nll_0.7931.acc_25.0.dist_2.04.epoch_9 for testing
2021-03-23 15:30:43 INFO: load model in model/sigmorphon19/task1/tag-soft/hindi--bengali.nll_0.7931.acc_25.0.dist_2.04.epoch_9
2021-03-23 15:30:44 INFO: decoding dev set
2021-03-23 15:30:45 INFO: finished decoding 100 dev instance
2021-03-23 15:31:22 INFO: command line argument: seed - 0
2021-03-23 15:31:22 INFO: command line argument: dataset - <Data.sigmorphon19task1: 'sigmorphon19task1'>
2021-03-23 15:31:22 INFO: command line argument: train - ['sample/task1/hindi--bengali/hindi-train-high', 'sample/task1/hindi--bengali/bengali-train-low']
2021-03-23 15:31:22 INFO: command line argument: dev - 'sample/task1/hindi--bengali/bengali-dev'
2021-03-23 15:31:22 INFO: command line argument: test - None
2021-03-23 15:31:22 INFO: command line argument: model - 'model/sigmorphon19/task1/tag-soft/hindi--bengali'
2021-03-23 15:31:22 INFO: command line argument: load - ''
2021-03-23 15:31:22 INFO: command line argument: bs - 20
2021-03-23 15:31:22 INFO: command line argument: epochs - 50
2021-03-23 15:31:22 INFO: command line argument: optimizer - 'Adam'
2021-03-23 15:31:22 INFO: command line argument: lr - 0.001
2021-03-23 15:31:22 INFO: command line argument: min_lr - 1e-05
2021-03-23 15:31:22 INFO: command line argument: momentum - 0.9
2021-03-23 15:31:22 INFO: command line argument: estop - 1e-08
2021-03-23 15:31:22 INFO: command line argument: cooldown - 0
2021-03-23 15:31:22 INFO: command line argument: patience - 10
2021-03-23 15:31:22 INFO: command line argument: discount_factor - 0.5
2021-03-23 15:31:22 INFO: command line argument: max_norm - 5.0
2021-03-23 15:31:22 INFO: command line argument: dropout - 0.4
2021-03-23 15:31:22 INFO: command line argument: embed_dim - 200
2021-03-23 15:31:22 INFO: command line argument: src_layer - 2
2021-03-23 15:31:22 INFO: command line argument: trg_layer - 1
2021-03-23 15:31:22 INFO: command line argument: src_hs - 400
2021-03-23 15:31:22 INFO: command line argument: trg_hs - 400
2021-03-23 15:31:22 INFO: command line argument: arch - <Arch.soft: 'soft'>
2021-03-23 15:31:22 INFO: command line argument: wid_siz - 11
2021-03-23 15:31:22 INFO: command line argument: loglevel - 'info'
2021-03-23 15:31:22 INFO: command line argument: saveall - False
2021-03-23 15:31:22 INFO: command line argument: mono - False
2021-03-23 15:31:22 INFO: command line argument: bestacc - False
2021-03-23 15:31:22 INFO: command line argument: shuffle - True
2021-03-23 15:31:22 INFO: src vocab size 79
2021-03-23 15:31:22 INFO: trg vocab size 51
2021-03-23 15:31:22 INFO: src vocab ['<PAD>', '<s>', '<\\s>', '<UNK>', ' ', 'ঁ', 'অ', 'আ', 'ই', 'উ', 'এ', 'ও', 'ক', 'খ', 'গ', 'ঘ', 'ঙ', 'চ', 'ছ', 'জ', 'ট', 'ঠ', 'ড', 'ঢ', 'ণ', 'ত', 'দ', 'ধ', 'ন', 'প', 'ফ', 'ব', 'ভ', 'ম', 'য', 'র', 'ল', 'শ', 'ষ', 'স', 'হ', '়', 'া', 'ি', 'ী', 'ু', 'ৃ', 'ে', 'ো', 'ৌ', '্', '1', '2', '3', 'ACC', 'COND', 'DEF', 'FUT', 'GEN', 'HAB', 'INFM', 'LGSPEC1', 'LOC', 'N', 'NDEF', 'NOM', 'PL', 'POL', 'PRF', 'PROG', 'PRS', 'PST', 'SG', 'V', 'V.MSDR', 'V.NFIN', 'V.PTCP', 'bengali', 'hindi']
2021-03-23 15:31:22 INFO: trg vocab ['<PAD>', '<s>', '<\\s>', '<UNK>', ' ', 'ঁ', 'অ', 'আ', 'ই', 'উ', 'এ', 'ও', 'ক', 'খ', 'গ', 'ঘ', 'ঙ', 'চ', 'ছ', 'জ', 'ট', 'ঠ', 'ড', 'ঢ', 'ণ', 'ত', 'দ', 'ধ', 'ন', 'প', 'ফ', 'ব', 'ভ', 'ম', 'য', 'র', 'ল', 'শ', 'ষ', 'স', 'হ', '়', 'া', 'ি', 'ী', 'ু', 'ৃ', 'ে', 'ো', 'ৌ', '্']
2021-03-23 15:31:22 INFO: number of attribute 29
2021-03-23 15:31:22 INFO: dec 1st rnn LSTMCell(240, 400)
2021-03-23 15:31:22 INFO: number of parameter 8690891
2021-03-23 15:31:24 INFO: At 0-th epoch with lr 0.001000.
2021-03-23 15:31:26 INFO: Average dev loss value per instance is 2.889239 at the end of epoch 0
2021-03-23 15:31:27 INFO: dev accuracy is 0.000000 at the end of epoch 0
2021-03-23 15:31:27 INFO: dev average edit distance is 6.240000 at the end of epoch 0
2021-03-23 15:31:27 INFO: At 1-th epoch with lr 0.001000.
2021-03-23 15:31:28 INFO: Average dev loss value per instance is 2.427403 at the end of epoch 1
2021-03-23 15:31:29 INFO: dev accuracy is 0.000000 at the end of epoch 1
2021-03-23 15:31:29 INFO: dev average edit distance is 8.720000 at the end of epoch 1
2021-03-23 15:31:29 INFO: At 2-th epoch with lr 0.001000.
2021-03-23 15:31:31 INFO: Average dev loss value per instance is 2.016135 at the end of epoch 2
2021-03-23 15:31:32 INFO: dev accuracy is 0.000000 at the end of epoch 2
2021-03-23 15:31:32 INFO: dev average edit distance is 7.890000 at the end of epoch 2
2021-03-23 15:31:32 INFO: At 3-th epoch with lr 0.001000.
2021-03-23 15:31:33 INFO: Average dev loss value per instance is 1.597167 at the end of epoch 3
2021-03-23 15:31:34 INFO: dev accuracy is 1.000000 at the end of epoch 3
2021-03-23 15:31:34 INFO: dev average edit distance is 4.540000 at the end of epoch 3
2021-03-23 15:31:35 INFO: At 4-th epoch with lr 0.001000.
2021-03-23 15:31:36 INFO: Average dev loss value per instance is 1.363164 at the end of epoch 4
2021-03-23 15:31:37 INFO: dev accuracy is 0.000000 at the end of epoch 4
2021-03-23 15:31:37 INFO: dev average edit distance is 5.020000 at the end of epoch 4
2021-03-23 15:31:37 INFO: At 5-th epoch with lr 0.001000.
2021-03-23 15:31:38 INFO: Average dev loss value per instance is 1.126295 at the end of epoch 5
2021-03-23 15:31:39 INFO: dev accuracy is 8.000000 at the end of epoch 5
2021-03-23 15:31:39 INFO: dev average edit distance is 3.040000 at the end of epoch 5
2021-03-23 15:31:40 INFO: At 6-th epoch with lr 0.001000.
2021-03-23 15:31:41 INFO: Average dev loss value per instance is 1.049820 at the end of epoch 6
2021-03-23 15:31:42 INFO: dev accuracy is 8.000000 at the end of epoch 6
2021-03-23 15:31:42 INFO: dev average edit distance is 2.770000 at the end of epoch 6
2021-03-23 15:31:42 INFO: At 7-th epoch with lr 0.001000.
2021-03-23 15:31:43 INFO: Average dev loss value per instance is 0.911426 at the end of epoch 7
2021-03-23 15:31:44 INFO: dev accuracy is 17.000000 at the end of epoch 7
2021-03-23 15:31:44 INFO: dev average edit distance is 2.590000 at the end of epoch 7
2021-03-23 15:31:45 INFO: At 8-th epoch with lr 0.001000.
2021-03-23 15:31:46 INFO: Average dev loss value per instance is 0.899828 at the end of epoch 8
2021-03-23 15:31:47 INFO: dev accuracy is 20.000000 at the end of epoch 8
2021-03-23 15:31:47 INFO: dev average edit distance is 2.180000 at the end of epoch 8
2021-03-23 15:31:47 INFO: At 9-th epoch with lr 0.001000.
2021-03-23 15:31:48 INFO: Average dev loss value per instance is 0.793140 at the end of epoch 9
2021-03-23 15:31:49 INFO: dev accuracy is 25.000000 at the end of epoch 9
2021-03-23 15:31:49 INFO: dev average edit distance is 2.040000 at the end of epoch 9
2021-03-23 15:31:50 INFO: At 10-th epoch with lr 0.001000.
2021-03-23 15:31:51 INFO: Average dev loss value per instance is 0.787261 at the end of epoch 10
2021-03-23 15:31:52 INFO: dev accuracy is 28.000000 at the end of epoch 10
2021-03-23 15:31:52 INFO: dev average edit distance is 2.200000 at the end of epoch 10
2021-03-23 15:31:53 INFO: At 11-th epoch with lr 0.001000.
2021-03-23 15:31:54 INFO: Average dev loss value per instance is 0.877502 at the end of epoch 11
2021-03-23 15:31:55 INFO: dev accuracy is 29.000000 at the end of epoch 11
2021-03-23 15:31:55 INFO: dev average edit distance is 2.000000 at the end of epoch 11
2021-03-23 15:31:55 INFO: At 12-th epoch with lr 0.001000.
2021-03-23 15:31:56 INFO: Average dev loss value per instance is 0.841348 at the end of epoch 12
2021-03-23 15:31:57 INFO: dev accuracy is 23.000000 at the end of epoch 12
2021-03-23 15:31:57 INFO: dev average edit distance is 1.970000 at the end of epoch 12
2021-03-23 15:31:57 INFO: At 13-th epoch with lr 0.001000.
2021-03-23 15:31:59 INFO: Average dev loss value per instance is 0.895403 at the end of epoch 13
2021-03-23 15:32:00 INFO: dev accuracy is 27.000000 at the end of epoch 13
2021-03-23 15:32:00 INFO: dev average edit distance is 2.040000 at the end of epoch 13
2021-03-23 15:32:00 INFO: At 14-th epoch with lr 0.001000.
2021-03-23 15:32:01 INFO: Average dev loss value per instance is 0.927790 at the end of epoch 14
2021-03-23 15:32:02 INFO: dev accuracy is 30.000000 at the end of epoch 14
2021-03-23 15:32:02 INFO: dev average edit distance is 2.230000 at the end of epoch 14
2021-03-23 15:32:03 INFO: At 15-th epoch with lr 0.001000.
2021-03-23 15:32:04 INFO: Average dev loss value per instance is 0.900450 at the end of epoch 15
2021-03-23 15:32:05 INFO: dev accuracy is 38.000000 at the end of epoch 15
2021-03-23 15:32:05 INFO: dev average edit distance is 1.960000 at the end of epoch 15
2021-03-23 15:32:05 INFO: At 16-th epoch with lr 0.001000.
2021-03-23 15:32:06 INFO: Average dev loss value per instance is 0.860590 at the end of epoch 16
2021-03-23 15:32:07 INFO: dev accuracy is 37.000000 at the end of epoch 16
2021-03-23 15:32:07 INFO: dev average edit distance is 1.700000 at the end of epoch 16
2021-03-23 15:32:08 INFO: At 17-th epoch with lr 0.001000.
2021-03-23 15:32:09 INFO: Average dev loss value per instance is 0.884176 at the end of epoch 17
2021-03-23 15:32:10 INFO: dev accuracy is 42.000000 at the end of epoch 17
2021-03-23 15:32:10 INFO: dev average edit distance is 1.750000 at the end of epoch 17
2021-03-23 15:32:10 INFO: At 18-th epoch with lr 0.001000.
2021-03-23 15:32:11 INFO: Average dev loss value per instance is 0.932960 at the end of epoch 18
2021-03-23 15:32:12 INFO: dev accuracy is 36.000000 at the end of epoch 18
2021-03-23 15:32:12 INFO: dev average edit distance is 1.800000 at the end of epoch 18
2021-03-23 15:32:13 INFO: At 19-th epoch with lr 0.001000.
2021-03-23 15:32:14 INFO: Average dev loss value per instance is 0.911480 at the end of epoch 19
2021-03-23 15:32:15 INFO: dev accuracy is 34.000000 at the end of epoch 19
2021-03-23 15:32:15 INFO: dev average edit distance is 1.870000 at the end of epoch 19
2021-03-23 15:32:15 INFO: At 20-th epoch with lr 0.001000.
2021-03-23 15:32:16 INFO: Average dev loss value per instance is 0.946013 at the end of epoch 20
2021-03-23 15:32:17 INFO: dev accuracy is 32.000000 at the end of epoch 20
2021-03-23 15:32:17 INFO: dev average edit distance is 1.820000 at the end of epoch 20
2021-03-23 15:32:18 INFO: At 21-th epoch with lr 0.001000.
2021-03-23 15:32:19 INFO: Average dev loss value per instance is 0.897538 at the end of epoch 21
2021-03-23 15:32:20 INFO: dev accuracy is 34.000000 at the end of epoch 21
2021-03-23 15:32:20 INFO: dev average edit distance is 1.660000 at the end of epoch 21
2021-03-23 15:32:20 INFO: At 22-th epoch with lr 0.000500.
2021-03-23 15:32:21 INFO: Average dev loss value per instance is 0.868536 at the end of epoch 22
2021-03-23 15:32:22 INFO: dev accuracy is 42.000000 at the end of epoch 22
2021-03-23 15:32:22 INFO: dev average edit distance is 1.570000 at the end of epoch 22
2021-03-23 15:32:23 INFO: At 23-th epoch with lr 0.000500.
2021-03-23 15:32:24 INFO: Average dev loss value per instance is 0.823541 at the end of epoch 23
2021-03-23 15:32:25 INFO: dev accuracy is 44.000000 at the end of epoch 23
2021-03-23 15:32:25 INFO: dev average edit distance is 1.550000 at the end of epoch 23
2021-03-23 15:32:25 INFO: At 24-th epoch with lr 0.000500.
2021-03-23 15:32:26 INFO: Average dev loss value per instance is 0.831839 at the end of epoch 24
2021-03-23 15:32:27 INFO: dev accuracy is 42.000000 at the end of epoch 24
2021-03-23 15:32:27 INFO: dev average edit distance is 1.610000 at the end of epoch 24
2021-03-23 15:32:28 INFO: At 25-th epoch with lr 0.000500.
2021-03-23 15:32:29 INFO: Average dev loss value per instance is 0.866694 at the end of epoch 25
2021-03-23 15:32:30 INFO: dev accuracy is 43.000000 at the end of epoch 25
2021-03-23 15:32:30 INFO: dev average edit distance is 1.610000 at the end of epoch 25
2021-03-23 15:32:30 INFO: At 26-th epoch with lr 0.000500.
2021-03-23 15:32:31 INFO: Average dev loss value per instance is 0.903370 at the end of epoch 26
2021-03-23 15:32:32 INFO: dev accuracy is 43.000000 at the end of epoch 26
2021-03-23 15:32:32 INFO: dev average edit distance is 1.660000 at the end of epoch 26
2021-03-23 15:32:33 INFO: At 27-th epoch with lr 0.000500.
2021-03-23 15:32:34 INFO: Average dev loss value per instance is 0.881123 at the end of epoch 27
2021-03-23 15:32:35 INFO: dev accuracy is 41.000000 at the end of epoch 27
2021-03-23 15:32:35 INFO: dev average edit distance is 1.570000 at the end of epoch 27
2021-03-23 15:32:35 INFO: At 28-th epoch with lr 0.000500.
2021-03-23 15:32:37 INFO: Average dev loss value per instance is 0.873086 at the end of epoch 28
2021-03-23 15:32:38 INFO: dev accuracy is 41.000000 at the end of epoch 28
2021-03-23 15:32:38 INFO: dev average edit distance is 1.550000 at the end of epoch 28
2021-03-23 15:32:38 INFO: At 29-th epoch with lr 0.000500.
2021-03-23 15:32:39 INFO: Average dev loss value per instance is 0.900517 at the end of epoch 29
2021-03-23 15:32:40 INFO: dev accuracy is 45.000000 at the end of epoch 29
2021-03-23 15:32:40 INFO: dev average edit distance is 1.540000 at the end of epoch 29
2021-03-23 15:32:40 INFO: At 30-th epoch with lr 0.000500.
2021-03-23 15:32:42 INFO: Average dev loss value per instance is 0.893818 at the end of epoch 30
2021-03-23 15:32:43 INFO: dev accuracy is 44.000000 at the end of epoch 30
2021-03-23 15:32:43 INFO: dev average edit distance is 1.540000 at the end of epoch 30
2021-03-23 15:32:43 INFO: At 31-th epoch with lr 0.000500.
2021-03-23 15:32:44 INFO: Average dev loss value per instance is 0.911166 at the end of epoch 31
2021-03-23 15:32:45 INFO: dev accuracy is 43.000000 at the end of epoch 31
2021-03-23 15:32:45 INFO: dev average edit distance is 1.540000 at the end of epoch 31
2021-03-23 15:32:45 INFO: At 32-th epoch with lr 0.000500.
2021-03-23 15:32:47 INFO: Average dev loss value per instance is 0.917175 at the end of epoch 32
2021-03-23 15:32:48 INFO: dev accuracy is 45.000000 at the end of epoch 32
2021-03-23 15:32:48 INFO: dev average edit distance is 1.500000 at the end of epoch 32
2021-03-23 15:32:48 INFO: At 33-th epoch with lr 0.000250.
2021-03-23 15:32:49 INFO: Average dev loss value per instance is 0.899467 at the end of epoch 33
2021-03-23 15:32:50 INFO: dev accuracy is 46.000000 at the end of epoch 33
2021-03-23 15:32:50 INFO: dev average edit distance is 1.480000 at the end of epoch 33
2021-03-23 15:32:51 INFO: At 34-th epoch with lr 0.000250.
2021-03-23 15:32:52 INFO: Average dev loss value per instance is 0.926333 at the end of epoch 34
2021-03-23 15:32:53 INFO: dev accuracy is 46.000000 at the end of epoch 34
2021-03-23 15:32:53 INFO: dev average edit distance is 1.550000 at the end of epoch 34
2021-03-23 15:32:53 INFO: At 35-th epoch with lr 0.000250.
2021-03-23 15:32:54 INFO: Average dev loss value per instance is 0.909354 at the end of epoch 35
2021-03-23 15:32:56 INFO: dev accuracy is 45.000000 at the end of epoch 35
2021-03-23 15:32:56 INFO: dev average edit distance is 1.550000 at the end of epoch 35
2021-03-23 15:32:56 INFO: At 36-th epoch with lr 0.000250.
2021-03-23 15:32:57 INFO: Average dev loss value per instance is 0.916689 at the end of epoch 36
2021-03-23 15:32:58 INFO: dev accuracy is 46.000000 at the end of epoch 36
2021-03-23 15:32:58 INFO: dev average edit distance is 1.510000 at the end of epoch 36
2021-03-23 15:32:58 INFO: At 37-th epoch with lr 0.000250.
2021-03-23 15:33:00 INFO: Average dev loss value per instance is 0.920502 at the end of epoch 37
2021-03-23 15:33:01 INFO: dev accuracy is 47.000000 at the end of epoch 37
2021-03-23 15:33:01 INFO: dev average edit distance is 1.490000 at the end of epoch 37
2021-03-23 15:33:01 INFO: At 38-th epoch with lr 0.000250.
2021-03-23 15:33:02 INFO: Average dev loss value per instance is 0.946778 at the end of epoch 38
2021-03-23 15:33:03 INFO: dev accuracy is 47.000000 at the end of epoch 38
2021-03-23 15:33:03 INFO: dev average edit distance is 1.440000 at the end of epoch 38
2021-03-23 15:33:03 INFO: At 39-th epoch with lr 0.000250.
2021-03-23 15:33:05 INFO: Average dev loss value per instance is 0.923238 at the end of epoch 39
2021-03-23 15:33:06 INFO: dev accuracy is 48.000000 at the end of epoch 39
2021-03-23 15:33:06 INFO: dev average edit distance is 1.440000 at the end of epoch 39
2021-03-23 15:33:06 INFO: At 40-th epoch with lr 0.000250.
2021-03-23 15:33:07 INFO: Average dev loss value per instance is 0.913672 at the end of epoch 40
2021-03-23 15:33:08 INFO: dev accuracy is 48.000000 at the end of epoch 40
2021-03-23 15:33:08 INFO: dev average edit distance is 1.390000 at the end of epoch 40
2021-03-23 15:33:08 INFO: At 41-th epoch with lr 0.000250.
2021-03-23 15:33:10 INFO: Average dev loss value per instance is 0.908063 at the end of epoch 41
2021-03-23 15:33:11 INFO: dev accuracy is 46.000000 at the end of epoch 41
2021-03-23 15:33:11 INFO: dev average edit distance is 1.450000 at the end of epoch 41
2021-03-23 15:33:11 INFO: At 42-th epoch with lr 0.000250.
2021-03-23 15:33:12 INFO: Average dev loss value per instance is 0.909613 at the end of epoch 42
2021-03-23 15:33:13 INFO: dev accuracy is 46.000000 at the end of epoch 42
2021-03-23 15:33:13 INFO: dev average edit distance is 1.440000 at the end of epoch 42
2021-03-23 15:33:13 INFO: At 43-th epoch with lr 0.000250.
2021-03-23 15:33:15 INFO: Average dev loss value per instance is 0.904532 at the end of epoch 43
2021-03-23 15:33:16 INFO: dev accuracy is 45.000000 at the end of epoch 43
2021-03-23 15:33:16 INFO: dev average edit distance is 1.370000 at the end of epoch 43
2021-03-23 15:33:16 INFO: At 44-th epoch with lr 0.000125.
2021-03-23 15:33:17 INFO: Average dev loss value per instance is 0.913992 at the end of epoch 44
2021-03-23 15:33:18 INFO: dev accuracy is 46.000000 at the end of epoch 44
2021-03-23 15:33:18 INFO: dev average edit distance is 1.440000 at the end of epoch 44
2021-03-23 15:33:19 INFO: At 45-th epoch with lr 0.000125.
2021-03-23 15:33:20 INFO: Average dev loss value per instance is 0.910193 at the end of epoch 45
2021-03-23 15:33:21 INFO: dev accuracy is 47.000000 at the end of epoch 45
2021-03-23 15:33:21 INFO: dev average edit distance is 1.420000 at the end of epoch 45
2021-03-23 15:33:21 INFO: At 46-th epoch with lr 0.000125.
2021-03-23 15:33:22 INFO: Average dev loss value per instance is 0.924673 at the end of epoch 46
2021-03-23 15:33:23 INFO: dev accuracy is 46.000000 at the end of epoch 46
2021-03-23 15:33:23 INFO: dev average edit distance is 1.440000 at the end of epoch 46
2021-03-23 15:33:24 INFO: At 47-th epoch with lr 0.000125.
2021-03-23 15:33:25 INFO: Average dev loss value per instance is 0.921400 at the end of epoch 47
2021-03-23 15:33:26 INFO: dev accuracy is 46.000000 at the end of epoch 47
2021-03-23 15:33:26 INFO: dev average edit distance is 1.440000 at the end of epoch 47
2021-03-23 15:33:26 INFO: At 48-th epoch with lr 0.000125.
2021-03-23 15:33:27 INFO: Average dev loss value per instance is 0.926552 at the end of epoch 48
2021-03-23 15:33:28 INFO: dev accuracy is 46.000000 at the end of epoch 48
2021-03-23 15:33:28 INFO: dev average edit distance is 1.430000 at the end of epoch 48
2021-03-23 15:33:29 INFO: At 49-th epoch with lr 0.000125.
2021-03-23 15:33:30 INFO: Average dev loss value per instance is 0.917840 at the end of epoch 49
2021-03-23 15:33:31 INFO: dev accuracy is 46.000000 at the end of epoch 49
2021-03-23 15:33:31 INFO: dev average edit distance is 1.430000 at the end of epoch 49
2021-03-23 15:33:31 INFO: loading model/sigmorphon19/task1/tag-soft/hindi--bengali.nll_0.9137.acc_48.0.dist_1.39.epoch_40 for testing
2021-03-23 15:33:31 INFO: load model in model/sigmorphon19/task1/tag-soft/hindi--bengali.nll_0.9137.acc_48.0.dist_1.39.epoch_40
2021-03-23 15:33:31 INFO: decoding dev set
2021-03-23 15:33:32 INFO: finished decoding 100 dev instance
2021-03-23 15:35:44 INFO: command line argument: seed - 0
2021-03-23 15:35:44 INFO: command line argument: dataset - <Data.sigmorphon19task1: 'sigmorphon19task1'>
2021-03-23 15:35:44 INFO: command line argument: train - ['sample/task1/hindi--bengali/hindi-train-high', 'sample/task1/hindi--bengali/bengali-train-low']
2021-03-23 15:35:44 INFO: command line argument: dev - 'sample/task1/hindi--bengali/bengali-dev'
2021-03-23 15:35:44 INFO: command line argument: test - None
2021-03-23 15:35:44 INFO: command line argument: model - 'model/sigmorphon19/task1/tag-soft/hindi--bengali'
2021-03-23 15:35:44 INFO: command line argument: load - ''
2021-03-23 15:35:44 INFO: command line argument: bs - 20
2021-03-23 15:35:44 INFO: command line argument: epochs - 100
2021-03-23 15:35:44 INFO: command line argument: optimizer - 'Adam'
2021-03-23 15:35:44 INFO: command line argument: lr - 0.001
2021-03-23 15:35:44 INFO: command line argument: min_lr - 1e-05
2021-03-23 15:35:44 INFO: command line argument: momentum - 0.9
2021-03-23 15:35:44 INFO: command line argument: estop - 1e-08
2021-03-23 15:35:44 INFO: command line argument: cooldown - 0
2021-03-23 15:35:44 INFO: command line argument: patience - 10
2021-03-23 15:35:44 INFO: command line argument: discount_factor - 0.5
2021-03-23 15:35:44 INFO: command line argument: max_norm - 5.0
2021-03-23 15:35:44 INFO: command line argument: dropout - 0.4
2021-03-23 15:35:44 INFO: command line argument: embed_dim - 200
2021-03-23 15:35:44 INFO: command line argument: src_layer - 2
2021-03-23 15:35:44 INFO: command line argument: trg_layer - 1
2021-03-23 15:35:44 INFO: command line argument: src_hs - 400
2021-03-23 15:35:44 INFO: command line argument: trg_hs - 400
2021-03-23 15:35:44 INFO: command line argument: arch - <Arch.soft: 'soft'>
2021-03-23 15:35:44 INFO: command line argument: wid_siz - 11
2021-03-23 15:35:44 INFO: command line argument: loglevel - 'info'
2021-03-23 15:35:44 INFO: command line argument: saveall - False
2021-03-23 15:35:44 INFO: command line argument: mono - False
2021-03-23 15:35:44 INFO: command line argument: bestacc - False
2021-03-23 15:35:44 INFO: command line argument: shuffle - True
2021-03-23 15:35:44 INFO: src vocab size 79
2021-03-23 15:35:44 INFO: trg vocab size 51
2021-03-23 15:35:44 INFO: src vocab ['<PAD>', '<s>', '<\\s>', '<UNK>', ' ', 'ঁ', 'অ', 'আ', 'ই', 'উ', 'এ', 'ও', 'ক', 'খ', 'গ', 'ঘ', 'ঙ', 'চ', 'ছ', 'জ', 'ট', 'ঠ', 'ড', 'ঢ', 'ণ', 'ত', 'দ', 'ধ', 'ন', 'প', 'ফ', 'ব', 'ভ', 'ম', 'য', 'র', 'ল', 'শ', 'ষ', 'স', 'হ', '়', 'া', 'ি', 'ী', 'ু', 'ৃ', 'ে', 'ো', 'ৌ', '্', '1', '2', '3', 'ACC', 'COND', 'DEF', 'FUT', 'GEN', 'HAB', 'INFM', 'LGSPEC1', 'LOC', 'N', 'NDEF', 'NOM', 'PL', 'POL', 'PRF', 'PROG', 'PRS', 'PST', 'SG', 'V', 'V.MSDR', 'V.NFIN', 'V.PTCP', 'bengali', 'hindi']
2021-03-23 15:35:44 INFO: trg vocab ['<PAD>', '<s>', '<\\s>', '<UNK>', ' ', 'ঁ', 'অ', 'আ', 'ই', 'উ', 'এ', 'ও', 'ক', 'খ', 'গ', 'ঘ', 'ঙ', 'চ', 'ছ', 'জ', 'ট', 'ঠ', 'ড', 'ঢ', 'ণ', 'ত', 'দ', 'ধ', 'ন', 'প', 'ফ', 'ব', 'ভ', 'ম', 'য', 'র', 'ল', 'শ', 'ষ', 'স', 'হ', '়', 'া', 'ি', 'ী', 'ু', 'ৃ', 'ে', 'ো', 'ৌ', '্']
2021-03-23 15:35:44 INFO: number of attribute 29
2021-03-23 15:35:44 INFO: dec 1st rnn LSTMCell(240, 400)
2021-03-23 15:35:44 INFO: number of parameter 8690891
2021-03-23 15:35:46 INFO: At 0-th epoch with lr 0.001000.
2021-03-23 15:35:47 INFO: Average dev loss value per instance is 2.889239 at the end of epoch 0
2021-03-23 15:35:48 INFO: dev accuracy is 0.000000 at the end of epoch 0
2021-03-23 15:35:48 INFO: dev average edit distance is 6.240000 at the end of epoch 0
2021-03-23 15:35:48 INFO: At 1-th epoch with lr 0.001000.
2021-03-23 15:35:50 INFO: Average dev loss value per instance is 2.427403 at the end of epoch 1
2021-03-23 15:35:51 INFO: dev accuracy is 0.000000 at the end of epoch 1
2021-03-23 15:35:51 INFO: dev average edit distance is 8.720000 at the end of epoch 1
2021-03-23 15:35:51 INFO: At 2-th epoch with lr 0.001000.
2021-03-23 15:35:52 INFO: Average dev loss value per instance is 2.016135 at the end of epoch 2
2021-03-23 15:35:54 INFO: dev accuracy is 0.000000 at the end of epoch 2
2021-03-23 15:35:54 INFO: dev average edit distance is 7.890000 at the end of epoch 2
2021-03-23 15:35:54 INFO: At 3-th epoch with lr 0.001000.
2021-03-23 15:35:55 INFO: Average dev loss value per instance is 1.597167 at the end of epoch 3
2021-03-23 15:35:56 INFO: dev accuracy is 1.000000 at the end of epoch 3
2021-03-23 15:35:56 INFO: dev average edit distance is 4.540000 at the end of epoch 3
2021-03-23 15:35:56 INFO: At 4-th epoch with lr 0.001000.
2021-03-23 15:35:58 INFO: Average dev loss value per instance is 1.363164 at the end of epoch 4
2021-03-23 15:35:59 INFO: dev accuracy is 0.000000 at the end of epoch 4
2021-03-23 15:35:59 INFO: dev average edit distance is 5.020000 at the end of epoch 4
2021-03-23 15:35:59 INFO: At 5-th epoch with lr 0.001000.
2021-03-23 15:36:00 INFO: Average dev loss value per instance is 1.126295 at the end of epoch 5
2021-03-23 15:36:01 INFO: dev accuracy is 8.000000 at the end of epoch 5
2021-03-23 15:36:01 INFO: dev average edit distance is 3.040000 at the end of epoch 5
2021-03-23 15:36:01 INFO: At 6-th epoch with lr 0.001000.
2021-03-23 15:36:03 INFO: Average dev loss value per instance is 1.049820 at the end of epoch 6
2021-03-23 15:36:04 INFO: dev accuracy is 8.000000 at the end of epoch 6
2021-03-23 15:36:04 INFO: dev average edit distance is 2.770000 at the end of epoch 6
2021-03-23 15:36:04 INFO: At 7-th epoch with lr 0.001000.
2021-03-23 15:36:05 INFO: Average dev loss value per instance is 0.911426 at the end of epoch 7
2021-03-23 15:36:06 INFO: dev accuracy is 17.000000 at the end of epoch 7
2021-03-23 15:36:06 INFO: dev average edit distance is 2.590000 at the end of epoch 7
2021-03-23 15:36:06 INFO: At 8-th epoch with lr 0.001000.
2021-03-23 15:36:08 INFO: Average dev loss value per instance is 0.899828 at the end of epoch 8
2021-03-23 15:36:09 INFO: dev accuracy is 20.000000 at the end of epoch 8
2021-03-23 15:36:09 INFO: dev average edit distance is 2.180000 at the end of epoch 8
2021-03-23 15:36:09 INFO: At 9-th epoch with lr 0.001000.
2021-03-23 15:36:10 INFO: Average dev loss value per instance is 0.793140 at the end of epoch 9
2021-03-23 15:36:11 INFO: dev accuracy is 25.000000 at the end of epoch 9
2021-03-23 15:36:11 INFO: dev average edit distance is 2.040000 at the end of epoch 9
2021-03-23 15:36:12 INFO: At 10-th epoch with lr 0.001000.
2021-03-23 15:36:13 INFO: Average dev loss value per instance is 0.787261 at the end of epoch 10
2021-03-23 15:36:14 INFO: dev accuracy is 28.000000 at the end of epoch 10
2021-03-23 15:36:14 INFO: dev average edit distance is 2.200000 at the end of epoch 10
2021-03-23 15:36:14 INFO: At 11-th epoch with lr 0.001000.
2021-03-23 15:36:15 INFO: Average dev loss value per instance is 0.877502 at the end of epoch 11
2021-03-23 15:36:16 INFO: dev accuracy is 29.000000 at the end of epoch 11
2021-03-23 15:36:16 INFO: dev average edit distance is 2.000000 at the end of epoch 11
2021-03-23 15:36:17 INFO: At 12-th epoch with lr 0.001000.
2021-03-23 15:36:18 INFO: Average dev loss value per instance is 0.841348 at the end of epoch 12
2021-03-23 15:36:19 INFO: dev accuracy is 23.000000 at the end of epoch 12
2021-03-23 15:36:19 INFO: dev average edit distance is 1.970000 at the end of epoch 12
2021-03-23 15:36:19 INFO: At 13-th epoch with lr 0.001000.
2021-03-23 15:36:21 INFO: Average dev loss value per instance is 0.895403 at the end of epoch 13
2021-03-23 15:36:22 INFO: dev accuracy is 27.000000 at the end of epoch 13
2021-03-23 15:36:22 INFO: dev average edit distance is 2.040000 at the end of epoch 13
2021-03-23 15:36:22 INFO: At 14-th epoch with lr 0.001000.
2021-03-23 15:36:23 INFO: Average dev loss value per instance is 0.927790 at the end of epoch 14
2021-03-23 15:36:24 INFO: dev accuracy is 30.000000 at the end of epoch 14
2021-03-23 15:36:24 INFO: dev average edit distance is 2.230000 at the end of epoch 14
2021-03-23 15:36:24 INFO: At 15-th epoch with lr 0.001000.
2021-03-23 15:36:26 INFO: Average dev loss value per instance is 0.900450 at the end of epoch 15
2021-03-23 15:36:27 INFO: dev accuracy is 38.000000 at the end of epoch 15
2021-03-23 15:36:27 INFO: dev average edit distance is 1.960000 at the end of epoch 15
2021-03-23 15:36:27 INFO: At 16-th epoch with lr 0.001000.
2021-03-23 15:36:28 INFO: Average dev loss value per instance is 0.860590 at the end of epoch 16
2021-03-23 15:36:29 INFO: dev accuracy is 37.000000 at the end of epoch 16
2021-03-23 15:36:29 INFO: dev average edit distance is 1.700000 at the end of epoch 16
2021-03-23 15:36:30 INFO: At 17-th epoch with lr 0.001000.
2021-03-23 15:36:31 INFO: Average dev loss value per instance is 0.884176 at the end of epoch 17
2021-03-23 15:36:32 INFO: dev accuracy is 42.000000 at the end of epoch 17
2021-03-23 15:36:32 INFO: dev average edit distance is 1.750000 at the end of epoch 17
2021-03-23 15:36:32 INFO: At 18-th epoch with lr 0.001000.
2021-03-23 15:36:33 INFO: Average dev loss value per instance is 0.932960 at the end of epoch 18
2021-03-23 15:36:34 INFO: dev accuracy is 36.000000 at the end of epoch 18
2021-03-23 15:36:34 INFO: dev average edit distance is 1.800000 at the end of epoch 18
2021-03-23 15:36:35 INFO: At 19-th epoch with lr 0.001000.
2021-03-23 15:36:36 INFO: Average dev loss value per instance is 0.911480 at the end of epoch 19
2021-03-23 15:36:37 INFO: dev accuracy is 34.000000 at the end of epoch 19
2021-03-23 15:36:37 INFO: dev average edit distance is 1.870000 at the end of epoch 19
2021-03-23 15:36:37 INFO: At 20-th epoch with lr 0.001000.
2021-03-23 15:36:39 INFO: Average dev loss value per instance is 0.946013 at the end of epoch 20
2021-03-23 15:36:40 INFO: dev accuracy is 32.000000 at the end of epoch 20
2021-03-23 15:36:40 INFO: dev average edit distance is 1.820000 at the end of epoch 20
2021-03-23 15:36:40 INFO: At 21-th epoch with lr 0.001000.
2021-03-23 15:36:41 INFO: Average dev loss value per instance is 0.897538 at the end of epoch 21
2021-03-23 15:36:42 INFO: dev accuracy is 34.000000 at the end of epoch 21
2021-03-23 15:36:42 INFO: dev average edit distance is 1.660000 at the end of epoch 21
2021-03-23 15:36:43 INFO: At 22-th epoch with lr 0.000500.
2021-03-23 15:36:44 INFO: Average dev loss value per instance is 0.868536 at the end of epoch 22
2021-03-23 15:36:45 INFO: dev accuracy is 42.000000 at the end of epoch 22
2021-03-23 15:36:45 INFO: dev average edit distance is 1.570000 at the end of epoch 22
2021-03-23 15:36:45 INFO: At 23-th epoch with lr 0.000500.
2021-03-23 15:36:46 INFO: Average dev loss value per instance is 0.823541 at the end of epoch 23
2021-03-23 15:36:48 INFO: dev accuracy is 44.000000 at the end of epoch 23
2021-03-23 15:36:48 INFO: dev average edit distance is 1.550000 at the end of epoch 23
2021-03-23 15:36:48 INFO: At 24-th epoch with lr 0.000500.
2021-03-23 15:36:49 INFO: Average dev loss value per instance is 0.831839 at the end of epoch 24
2021-03-23 15:36:50 INFO: dev accuracy is 42.000000 at the end of epoch 24
2021-03-23 15:36:50 INFO: dev average edit distance is 1.610000 at the end of epoch 24
2021-03-23 15:36:50 INFO: At 25-th epoch with lr 0.000500.
2021-03-23 15:36:52 INFO: Average dev loss value per instance is 0.866694 at the end of epoch 25
2021-03-23 15:36:53 INFO: dev accuracy is 43.000000 at the end of epoch 25
2021-03-23 15:36:53 INFO: dev average edit distance is 1.610000 at the end of epoch 25
2021-03-23 15:36:53 INFO: At 26-th epoch with lr 0.000500.
2021-03-23 15:36:54 INFO: Average dev loss value per instance is 0.903370 at the end of epoch 26
2021-03-23 15:36:55 INFO: dev accuracy is 43.000000 at the end of epoch 26
2021-03-23 15:36:55 INFO: dev average edit distance is 1.660000 at the end of epoch 26
2021-03-23 15:36:55 INFO: At 27-th epoch with lr 0.000500.
2021-03-23 15:36:57 INFO: Average dev loss value per instance is 0.881123 at the end of epoch 27
2021-03-23 15:36:58 INFO: dev accuracy is 41.000000 at the end of epoch 27
2021-03-23 15:36:58 INFO: dev average edit distance is 1.570000 at the end of epoch 27
2021-03-23 15:36:58 INFO: At 28-th epoch with lr 0.000500.
2021-03-23 15:36:59 INFO: Average dev loss value per instance is 0.873086 at the end of epoch 28
2021-03-23 15:37:00 INFO: dev accuracy is 41.000000 at the end of epoch 28
2021-03-23 15:37:00 INFO: dev average edit distance is 1.550000 at the end of epoch 28
2021-03-23 15:37:01 INFO: At 29-th epoch with lr 0.000500.
2021-03-23 15:37:02 INFO: Average dev loss value per instance is 0.900517 at the end of epoch 29
2021-03-23 15:37:03 INFO: dev accuracy is 45.000000 at the end of epoch 29
2021-03-23 15:37:03 INFO: dev average edit distance is 1.540000 at the end of epoch 29
2021-03-23 15:37:03 INFO: At 30-th epoch with lr 0.000500.
2021-03-23 15:37:04 INFO: Average dev loss value per instance is 0.893818 at the end of epoch 30
2021-03-23 15:37:05 INFO: dev accuracy is 44.000000 at the end of epoch 30
2021-03-23 15:37:05 INFO: dev average edit distance is 1.540000 at the end of epoch 30
2021-03-23 15:37:06 INFO: At 31-th epoch with lr 0.000500.
2021-03-23 15:37:07 INFO: Average dev loss value per instance is 0.911166 at the end of epoch 31
2021-03-23 15:37:08 INFO: dev accuracy is 43.000000 at the end of epoch 31
2021-03-23 15:37:08 INFO: dev average edit distance is 1.540000 at the end of epoch 31
2021-03-23 15:37:08 INFO: At 32-th epoch with lr 0.000500.
2021-03-23 15:37:09 INFO: Average dev loss value per instance is 0.917175 at the end of epoch 32
2021-03-23 15:37:11 INFO: dev accuracy is 45.000000 at the end of epoch 32
2021-03-23 15:37:11 INFO: dev average edit distance is 1.500000 at the end of epoch 32
2021-03-23 15:37:11 INFO: At 33-th epoch with lr 0.000250.
2021-03-23 15:37:12 INFO: Average dev loss value per instance is 0.899467 at the end of epoch 33
2021-03-23 15:37:13 INFO: dev accuracy is 46.000000 at the end of epoch 33
2021-03-23 15:37:13 INFO: dev average edit distance is 1.480000 at the end of epoch 33
2021-03-23 15:37:13 INFO: At 34-th epoch with lr 0.000250.
2021-03-23 15:37:15 INFO: Average dev loss value per instance is 0.926333 at the end of epoch 34
2021-03-23 15:37:16 INFO: dev accuracy is 46.000000 at the end of epoch 34
2021-03-23 15:37:16 INFO: dev average edit distance is 1.550000 at the end of epoch 34
2021-03-23 15:37:16 INFO: At 35-th epoch with lr 0.000250.
2021-03-23 15:37:17 INFO: Average dev loss value per instance is 0.909354 at the end of epoch 35
2021-03-23 15:37:18 INFO: dev accuracy is 45.000000 at the end of epoch 35
2021-03-23 15:37:18 INFO: dev average edit distance is 1.550000 at the end of epoch 35
2021-03-23 15:37:19 INFO: At 36-th epoch with lr 0.000250.
2021-03-23 15:37:20 INFO: Average dev loss value per instance is 0.916689 at the end of epoch 36
2021-03-23 15:37:21 INFO: dev accuracy is 46.000000 at the end of epoch 36
2021-03-23 15:37:21 INFO: dev average edit distance is 1.510000 at the end of epoch 36
2021-03-23 15:37:21 INFO: At 37-th epoch with lr 0.000250.
2021-03-23 15:37:22 INFO: Average dev loss value per instance is 0.920502 at the end of epoch 37
2021-03-23 15:37:23 INFO: dev accuracy is 47.000000 at the end of epoch 37
2021-03-23 15:37:23 INFO: dev average edit distance is 1.490000 at the end of epoch 37
2021-03-23 15:37:24 INFO: At 38-th epoch with lr 0.000250.
2021-03-23 15:37:25 INFO: Average dev loss value per instance is 0.946778 at the end of epoch 38
2021-03-23 15:37:26 INFO: dev accuracy is 47.000000 at the end of epoch 38
2021-03-23 15:37:26 INFO: dev average edit distance is 1.440000 at the end of epoch 38
2021-03-23 15:37:26 INFO: At 39-th epoch with lr 0.000250.
2021-03-23 15:37:27 INFO: Average dev loss value per instance is 0.923238 at the end of epoch 39
2021-03-23 15:37:28 INFO: dev accuracy is 48.000000 at the end of epoch 39
2021-03-23 15:37:28 INFO: dev average edit distance is 1.440000 at the end of epoch 39
2021-03-23 15:37:29 INFO: At 40-th epoch with lr 0.000250.
2021-03-23 15:37:30 INFO: Average dev loss value per instance is 0.913672 at the end of epoch 40
2021-03-23 15:37:31 INFO: dev accuracy is 48.000000 at the end of epoch 40
2021-03-23 15:37:31 INFO: dev average edit distance is 1.390000 at the end of epoch 40
2021-03-23 15:37:31 INFO: At 41-th epoch with lr 0.000250.
2021-03-23 15:37:33 INFO: Average dev loss value per instance is 0.908063 at the end of epoch 41
2021-03-23 15:37:34 INFO: dev accuracy is 46.000000 at the end of epoch 41
2021-03-23 15:37:34 INFO: dev average edit distance is 1.450000 at the end of epoch 41
2021-03-23 15:37:34 INFO: At 42-th epoch with lr 0.000250.
2021-03-23 15:37:35 INFO: Average dev loss value per instance is 0.909613 at the end of epoch 42
2021-03-23 15:37:36 INFO: dev accuracy is 46.000000 at the end of epoch 42
2021-03-23 15:37:36 INFO: dev average edit distance is 1.440000 at the end of epoch 42
2021-03-23 15:37:36 INFO: At 43-th epoch with lr 0.000250.
2021-03-23 15:37:38 INFO: Average dev loss value per instance is 0.904532 at the end of epoch 43
2021-03-23 15:37:39 INFO: dev accuracy is 45.000000 at the end of epoch 43
2021-03-23 15:37:39 INFO: dev average edit distance is 1.370000 at the end of epoch 43
2021-03-23 15:37:39 INFO: At 44-th epoch with lr 0.000125.
2021-03-23 15:37:40 INFO: Average dev loss value per instance is 0.913992 at the end of epoch 44
2021-03-23 15:37:41 INFO: dev accuracy is 46.000000 at the end of epoch 44
2021-03-23 15:37:41 INFO: dev average edit distance is 1.440000 at the end of epoch 44
2021-03-23 15:37:42 INFO: At 45-th epoch with lr 0.000125.
2021-03-23 15:37:43 INFO: Average dev loss value per instance is 0.910193 at the end of epoch 45
2021-03-23 15:37:44 INFO: dev accuracy is 47.000000 at the end of epoch 45
2021-03-23 15:37:44 INFO: dev average edit distance is 1.420000 at the end of epoch 45
2021-03-23 15:37:44 INFO: At 46-th epoch with lr 0.000125.
2021-03-23 15:37:45 INFO: Average dev loss value per instance is 0.924673 at the end of epoch 46
2021-03-23 15:37:46 INFO: dev accuracy is 46.000000 at the end of epoch 46
2021-03-23 15:37:46 INFO: dev average edit distance is 1.440000 at the end of epoch 46
2021-03-23 15:37:47 INFO: At 47-th epoch with lr 0.000125.
2021-03-23 15:37:48 INFO: Average dev loss value per instance is 0.921400 at the end of epoch 47
2021-03-23 15:37:49 INFO: dev accuracy is 46.000000 at the end of epoch 47
2021-03-23 15:37:49 INFO: dev average edit distance is 1.440000 at the end of epoch 47
2021-03-23 15:37:49 INFO: At 48-th epoch with lr 0.000125.
2021-03-23 15:37:51 INFO: Average dev loss value per instance is 0.926552 at the end of epoch 48
2021-03-23 15:37:52 INFO: dev accuracy is 46.000000 at the end of epoch 48
2021-03-23 15:37:52 INFO: dev average edit distance is 1.430000 at the end of epoch 48
2021-03-23 15:37:52 INFO: At 49-th epoch with lr 0.000125.
2021-03-23 15:37:53 INFO: Average dev loss value per instance is 0.917840 at the end of epoch 49
2021-03-23 15:37:54 INFO: dev accuracy is 46.000000 at the end of epoch 49
2021-03-23 15:37:54 INFO: dev average edit distance is 1.430000 at the end of epoch 49
2021-03-23 15:37:54 INFO: At 50-th epoch with lr 0.000125.
2021-03-23 15:37:56 INFO: Average dev loss value per instance is 0.909073 at the end of epoch 50
2021-03-23 15:37:57 INFO: dev accuracy is 46.000000 at the end of epoch 50
2021-03-23 15:37:57 INFO: dev average edit distance is 1.410000 at the end of epoch 50
2021-03-23 15:37:57 INFO: At 51-th epoch with lr 0.000125.
2021-03-23 15:37:58 INFO: Average dev loss value per instance is 0.922654 at the end of epoch 51
2021-03-23 15:37:59 INFO: dev accuracy is 45.000000 at the end of epoch 51
2021-03-23 15:37:59 INFO: dev average edit distance is 1.420000 at the end of epoch 51
2021-03-23 15:38:00 INFO: At 52-th epoch with lr 0.000125.
2021-03-23 15:38:01 INFO: Average dev loss value per instance is 0.922786 at the end of epoch 52
2021-03-23 15:38:02 INFO: dev accuracy is 46.000000 at the end of epoch 52
2021-03-23 15:38:02 INFO: dev average edit distance is 1.420000 at the end of epoch 52
2021-03-23 15:38:02 INFO: At 53-th epoch with lr 0.000125.
2021-03-23 15:38:03 INFO: Average dev loss value per instance is 0.932415 at the end of epoch 53
2021-03-23 15:38:04 INFO: dev accuracy is 46.000000 at the end of epoch 53
2021-03-23 15:38:04 INFO: dev average edit distance is 1.420000 at the end of epoch 53
2021-03-23 15:38:05 INFO: At 54-th epoch with lr 0.000125.
2021-03-23 15:38:06 INFO: Average dev loss value per instance is 0.918207 at the end of epoch 54
2021-03-23 15:38:07 INFO: dev accuracy is 46.000000 at the end of epoch 54
2021-03-23 15:38:07 INFO: dev average edit distance is 1.430000 at the end of epoch 54
2021-03-23 15:38:07 INFO: At 55-th epoch with lr 0.000063.
2021-03-23 15:38:08 INFO: Average dev loss value per instance is 0.943951 at the end of epoch 55
2021-03-23 15:38:09 INFO: dev accuracy is 47.000000 at the end of epoch 55
2021-03-23 15:38:09 INFO: dev average edit distance is 1.440000 at the end of epoch 55
2021-03-23 15:38:10 INFO: At 56-th epoch with lr 0.000063.
2021-03-23 15:38:11 INFO: Average dev loss value per instance is 0.906178 at the end of epoch 56
2021-03-23 15:38:12 INFO: dev accuracy is 47.000000 at the end of epoch 56
2021-03-23 15:38:12 INFO: dev average edit distance is 1.440000 at the end of epoch 56
2021-03-23 15:38:12 INFO: At 57-th epoch with lr 0.000063.
2021-03-23 15:38:13 INFO: Average dev loss value per instance is 0.915598 at the end of epoch 57
2021-03-23 15:38:14 INFO: dev accuracy is 47.000000 at the end of epoch 57
2021-03-23 15:38:14 INFO: dev average edit distance is 1.430000 at the end of epoch 57
2021-03-23 15:38:15 INFO: At 58-th epoch with lr 0.000063.
2021-03-23 15:38:16 INFO: Average dev loss value per instance is 0.928127 at the end of epoch 58
2021-03-23 15:38:17 INFO: dev accuracy is 47.000000 at the end of epoch 58
2021-03-23 15:38:17 INFO: dev average edit distance is 1.430000 at the end of epoch 58
2021-03-23 15:38:17 INFO: At 59-th epoch with lr 0.000063.
2021-03-23 15:38:18 INFO: Average dev loss value per instance is 0.909927 at the end of epoch 59
2021-03-23 15:38:20 INFO: dev accuracy is 47.000000 at the end of epoch 59
2021-03-23 15:38:20 INFO: dev average edit distance is 1.430000 at the end of epoch 59
2021-03-23 15:38:20 INFO: At 60-th epoch with lr 0.000063.
2021-03-23 15:38:21 INFO: Average dev loss value per instance is 0.925823 at the end of epoch 60
2021-03-23 15:38:22 INFO: dev accuracy is 47.000000 at the end of epoch 60
2021-03-23 15:38:22 INFO: dev average edit distance is 1.430000 at the end of epoch 60
2021-03-23 15:38:22 INFO: At 61-th epoch with lr 0.000063.
2021-03-23 15:38:24 INFO: Average dev loss value per instance is 0.916165 at the end of epoch 61
2021-03-23 15:38:25 INFO: dev accuracy is 47.000000 at the end of epoch 61
2021-03-23 15:38:25 INFO: dev average edit distance is 1.430000 at the end of epoch 61
2021-03-23 15:38:25 INFO: At 62-th epoch with lr 0.000063.
2021-03-23 15:38:26 INFO: Average dev loss value per instance is 0.909254 at the end of epoch 62
2021-03-23 15:38:27 INFO: dev accuracy is 48.000000 at the end of epoch 62
2021-03-23 15:38:27 INFO: dev average edit distance is 1.410000 at the end of epoch 62
2021-03-23 15:38:27 INFO: At 63-th epoch with lr 0.000063.
2021-03-23 15:38:29 INFO: Average dev loss value per instance is 0.898376 at the end of epoch 63
2021-03-23 15:38:30 INFO: dev accuracy is 48.000000 at the end of epoch 63
2021-03-23 15:38:30 INFO: dev average edit distance is 1.410000 at the end of epoch 63
2021-03-23 15:38:30 INFO: At 64-th epoch with lr 0.000063.
2021-03-23 15:38:31 INFO: Average dev loss value per instance is 0.921924 at the end of epoch 64
2021-03-23 15:38:32 INFO: dev accuracy is 47.000000 at the end of epoch 64
2021-03-23 15:38:32 INFO: dev average edit distance is 1.430000 at the end of epoch 64
2021-03-23 15:38:32 INFO: At 65-th epoch with lr 0.000063.
2021-03-23 15:38:34 INFO: Average dev loss value per instance is 0.900924 at the end of epoch 65
2021-03-23 15:38:35 INFO: dev accuracy is 47.000000 at the end of epoch 65
2021-03-23 15:38:35 INFO: dev average edit distance is 1.430000 at the end of epoch 65
2021-03-23 15:38:35 INFO: At 66-th epoch with lr 0.000031.
2021-03-23 15:38:36 INFO: Average dev loss value per instance is 0.910833 at the end of epoch 66
2021-03-23 15:38:37 INFO: dev accuracy is 47.000000 at the end of epoch 66
2021-03-23 15:38:37 INFO: dev average edit distance is 1.420000 at the end of epoch 66
2021-03-23 15:38:38 INFO: At 67-th epoch with lr 0.000031.
2021-03-23 15:38:39 INFO: Average dev loss value per instance is 0.906234 at the end of epoch 67
2021-03-23 15:38:40 INFO: dev accuracy is 48.000000 at the end of epoch 67
2021-03-23 15:38:40 INFO: dev average edit distance is 1.400000 at the end of epoch 67
2021-03-23 15:38:40 INFO: At 68-th epoch with lr 0.000031.
2021-03-23 15:38:41 INFO: Average dev loss value per instance is 0.920440 at the end of epoch 68
2021-03-23 15:38:42 INFO: dev accuracy is 48.000000 at the end of epoch 68
2021-03-23 15:38:42 INFO: dev average edit distance is 1.400000 at the end of epoch 68
2021-03-23 15:38:43 INFO: At 69-th epoch with lr 0.000031.
2021-03-23 15:38:44 INFO: Average dev loss value per instance is 0.890104 at the end of epoch 69
2021-03-23 15:38:45 INFO: dev accuracy is 48.000000 at the end of epoch 69
2021-03-23 15:38:45 INFO: dev average edit distance is 1.400000 at the end of epoch 69
2021-03-23 15:38:45 INFO: At 70-th epoch with lr 0.000031.
2021-03-23 15:38:46 INFO: Average dev loss value per instance is 0.919807 at the end of epoch 70
2021-03-23 15:38:47 INFO: dev accuracy is 48.000000 at the end of epoch 70
2021-03-23 15:38:47 INFO: dev average edit distance is 1.400000 at the end of epoch 70
2021-03-23 15:38:48 INFO: At 71-th epoch with lr 0.000031.
2021-03-23 15:38:49 INFO: Average dev loss value per instance is 0.916205 at the end of epoch 71
2021-03-23 15:38:50 INFO: dev accuracy is 48.000000 at the end of epoch 71
2021-03-23 15:38:50 INFO: dev average edit distance is 1.400000 at the end of epoch 71
2021-03-23 15:38:50 INFO: At 72-th epoch with lr 0.000031.
2021-03-23 15:38:52 INFO: Average dev loss value per instance is 0.909919 at the end of epoch 72
2021-03-23 15:38:53 INFO: dev accuracy is 48.000000 at the end of epoch 72
2021-03-23 15:38:53 INFO: dev average edit distance is 1.400000 at the end of epoch 72
2021-03-23 15:38:53 INFO: At 73-th epoch with lr 0.000031.
2021-03-23 15:38:54 INFO: Average dev loss value per instance is 0.927825 at the end of epoch 73
2021-03-23 15:38:55 INFO: dev accuracy is 48.000000 at the end of epoch 73
2021-03-23 15:38:55 INFO: dev average edit distance is 1.400000 at the end of epoch 73
2021-03-23 15:38:55 INFO: At 74-th epoch with lr 0.000031.
2021-03-23 15:38:57 INFO: Average dev loss value per instance is 0.910607 at the end of epoch 74
2021-03-23 15:38:58 INFO: dev accuracy is 48.000000 at the end of epoch 74
2021-03-23 15:38:58 INFO: dev average edit distance is 1.400000 at the end of epoch 74
2021-03-23 15:38:58 INFO: At 75-th epoch with lr 0.000031.
2021-03-23 15:38:59 INFO: Average dev loss value per instance is 0.905093 at the end of epoch 75
2021-03-23 15:39:00 INFO: dev accuracy is 48.000000 at the end of epoch 75
2021-03-23 15:39:00 INFO: dev average edit distance is 1.410000 at the end of epoch 75
2021-03-23 15:39:00 INFO: At 76-th epoch with lr 0.000031.
2021-03-23 15:39:02 INFO: Average dev loss value per instance is 0.928401 at the end of epoch 76
2021-03-23 15:39:03 INFO: dev accuracy is 47.000000 at the end of epoch 76
2021-03-23 15:39:03 INFO: dev average edit distance is 1.430000 at the end of epoch 76
2021-03-23 15:39:03 INFO: At 77-th epoch with lr 0.000016.
2021-03-23 15:39:04 INFO: Average dev loss value per instance is 0.924067 at the end of epoch 77
2021-03-23 15:39:05 INFO: dev accuracy is 48.000000 at the end of epoch 77
2021-03-23 15:39:05 INFO: dev average edit distance is 1.400000 at the end of epoch 77
2021-03-23 15:39:06 INFO: At 78-th epoch with lr 0.000016.
2021-03-23 15:39:07 INFO: Average dev loss value per instance is 0.911722 at the end of epoch 78
2021-03-23 15:39:08 INFO: dev accuracy is 48.000000 at the end of epoch 78
2021-03-23 15:39:08 INFO: dev average edit distance is 1.400000 at the end of epoch 78
2021-03-23 15:39:08 INFO: At 79-th epoch with lr 0.000016.
2021-03-23 15:39:09 INFO: Average dev loss value per instance is 0.915376 at the end of epoch 79
2021-03-23 15:39:10 INFO: dev accuracy is 48.000000 at the end of epoch 79
2021-03-23 15:39:10 INFO: dev average edit distance is 1.400000 at the end of epoch 79
2021-03-23 15:39:11 INFO: At 80-th epoch with lr 0.000016.
2021-03-23 15:39:12 INFO: Average dev loss value per instance is 0.932245 at the end of epoch 80
2021-03-23 15:39:13 INFO: dev accuracy is 48.000000 at the end of epoch 80
2021-03-23 15:39:13 INFO: dev average edit distance is 1.400000 at the end of epoch 80
2021-03-23 15:39:13 INFO: At 81-th epoch with lr 0.000016.
2021-03-23 15:39:15 INFO: Average dev loss value per instance is 0.921779 at the end of epoch 81
2021-03-23 15:39:16 INFO: dev accuracy is 48.000000 at the end of epoch 81
2021-03-23 15:39:16 INFO: dev average edit distance is 1.400000 at the end of epoch 81
2021-03-23 15:39:16 INFO: At 82-th epoch with lr 0.000016.
2021-03-23 15:39:17 INFO: Average dev loss value per instance is 0.916413 at the end of epoch 82
2021-03-23 15:39:18 INFO: dev accuracy is 48.000000 at the end of epoch 82
2021-03-23 15:39:18 INFO: dev average edit distance is 1.400000 at the end of epoch 82
2021-03-23 15:39:18 INFO: At 83-th epoch with lr 0.000016.
2021-03-23 15:39:20 INFO: Average dev loss value per instance is 0.914993 at the end of epoch 83
2021-03-23 15:39:21 INFO: dev accuracy is 48.000000 at the end of epoch 83
2021-03-23 15:39:21 INFO: dev average edit distance is 1.400000 at the end of epoch 83
2021-03-23 15:39:21 INFO: At 84-th epoch with lr 0.000016.
2021-03-23 15:39:22 INFO: Average dev loss value per instance is 0.919159 at the end of epoch 84
2021-03-23 15:39:23 INFO: dev accuracy is 48.000000 at the end of epoch 84
2021-03-23 15:39:23 INFO: dev average edit distance is 1.400000 at the end of epoch 84
2021-03-23 15:39:24 INFO: At 85-th epoch with lr 0.000016.
2021-03-23 15:39:25 INFO: Average dev loss value per instance is 0.920765 at the end of epoch 85
2021-03-23 15:39:26 INFO: dev accuracy is 48.000000 at the end of epoch 85
2021-03-23 15:39:26 INFO: dev average edit distance is 1.400000 at the end of epoch 85
2021-03-23 15:39:26 INFO: At 86-th epoch with lr 0.000016.
2021-03-23 15:39:27 INFO: Average dev loss value per instance is 0.910772 at the end of epoch 86
2021-03-23 15:39:28 INFO: dev accuracy is 48.000000 at the end of epoch 86
2021-03-23 15:39:28 INFO: dev average edit distance is 1.400000 at the end of epoch 86
2021-03-23 15:39:29 INFO: At 87-th epoch with lr 0.000016.
2021-03-23 15:39:30 INFO: Average dev loss value per instance is 0.935144 at the end of epoch 87
2021-03-23 15:39:31 INFO: dev accuracy is 48.000000 at the end of epoch 87
2021-03-23 15:39:31 INFO: dev average edit distance is 1.400000 at the end of epoch 87
2021-03-23 15:39:31 INFO: At 88-th epoch with lr 0.000010.
2021-03-23 15:39:32 INFO: Average dev loss value per instance is 0.916255 at the end of epoch 88
2021-03-23 15:39:34 INFO: dev accuracy is 48.000000 at the end of epoch 88
2021-03-23 15:39:34 INFO: dev average edit distance is 1.400000 at the end of epoch 88
2021-03-23 15:39:34 INFO: At 89-th epoch with lr 0.000010.
2021-03-23 15:39:35 INFO: Average dev loss value per instance is 0.925084 at the end of epoch 89
2021-03-23 15:39:36 INFO: dev accuracy is 48.000000 at the end of epoch 89
2021-03-23 15:39:36 INFO: dev average edit distance is 1.400000 at the end of epoch 89
2021-03-23 15:39:36 INFO: Early stopping triggered with epoch 89 (previous dev loss: 0.916255, current: 0.925084)
2021-03-23 15:39:36 INFO: loading model/sigmorphon19/task1/tag-soft/hindi--bengali.nll_0.9163.acc_48.0.dist_1.4.epoch_88 for testing
2021-03-23 15:39:36 INFO: load model in model/sigmorphon19/task1/tag-soft/hindi--bengali.nll_0.9163.acc_48.0.dist_1.4.epoch_88
2021-03-23 15:39:36 INFO: decoding dev set
2021-03-23 15:39:37 INFO: finished decoding 100 dev instance
2021-03-23 15:42:07 INFO: command line argument: seed - 0
2021-03-23 15:42:07 INFO: command line argument: dataset - <Data.sigmorphon19task1: 'sigmorphon19task1'>
2021-03-23 15:42:07 INFO: command line argument: train - ['sample/task1/hindi--bengali/hindi-train-high', 'sample/task1/hindi--bengali/bengali-train-low']
2021-03-23 15:42:07 INFO: command line argument: dev - 'sample/task1/hindi--bengali/bengali-dev'
2021-03-23 15:42:07 INFO: command line argument: test - None
2021-03-23 15:42:07 INFO: command line argument: model - 'model/sigmorphon19/task1/tag-soft/hindi--bengali'
2021-03-23 15:42:07 INFO: command line argument: load - ''
2021-03-23 15:42:07 INFO: command line argument: bs - 20
2021-03-23 15:42:07 INFO: command line argument: epochs - 150
2021-03-23 15:42:07 INFO: command line argument: optimizer - 'Adam'
2021-03-23 15:42:07 INFO: command line argument: lr - 0.001
2021-03-23 15:42:07 INFO: command line argument: min_lr - 1e-05
2021-03-23 15:42:07 INFO: command line argument: momentum - 0.9
2021-03-23 15:42:07 INFO: command line argument: estop - 1e-08
2021-03-23 15:42:07 INFO: command line argument: cooldown - 0
2021-03-23 15:42:07 INFO: command line argument: patience - 10
2021-03-23 15:42:07 INFO: command line argument: discount_factor - 0.5
2021-03-23 15:42:07 INFO: command line argument: max_norm - 5.0
2021-03-23 15:42:07 INFO: command line argument: dropout - 0.4
2021-03-23 15:42:07 INFO: command line argument: embed_dim - 200
2021-03-23 15:42:07 INFO: command line argument: src_layer - 2
2021-03-23 15:42:07 INFO: command line argument: trg_layer - 1
2021-03-23 15:42:07 INFO: command line argument: src_hs - 400
2021-03-23 15:42:07 INFO: command line argument: trg_hs - 400
2021-03-23 15:42:07 INFO: command line argument: arch - <Arch.soft: 'soft'>
2021-03-23 15:42:07 INFO: command line argument: wid_siz - 11
2021-03-23 15:42:07 INFO: command line argument: loglevel - 'info'
2021-03-23 15:42:07 INFO: command line argument: saveall - False
2021-03-23 15:42:07 INFO: command line argument: mono - False
2021-03-23 15:42:07 INFO: command line argument: bestacc - False
2021-03-23 15:42:07 INFO: command line argument: shuffle - True
2021-03-23 15:42:07 INFO: src vocab size 79
2021-03-23 15:42:07 INFO: trg vocab size 51
2021-03-23 15:42:07 INFO: src vocab ['<PAD>', '<s>', '<\\s>', '<UNK>', ' ', 'ঁ', 'অ', 'আ', 'ই', 'উ', 'এ', 'ও', 'ক', 'খ', 'গ', 'ঘ', 'ঙ', 'চ', 'ছ', 'জ', 'ট', 'ঠ', 'ড', 'ঢ', 'ণ', 'ত', 'দ', 'ধ', 'ন', 'প', 'ফ', 'ব', 'ভ', 'ম', 'য', 'র', 'ল', 'শ', 'ষ', 'স', 'হ', '়', 'া', 'ি', 'ী', 'ু', 'ৃ', 'ে', 'ো', 'ৌ', '্', '1', '2', '3', 'ACC', 'COND', 'DEF', 'FUT', 'GEN', 'HAB', 'INFM', 'LGSPEC1', 'LOC', 'N', 'NDEF', 'NOM', 'PL', 'POL', 'PRF', 'PROG', 'PRS', 'PST', 'SG', 'V', 'V.MSDR', 'V.NFIN', 'V.PTCP', 'bengali', 'hindi']
2021-03-23 15:42:07 INFO: trg vocab ['<PAD>', '<s>', '<\\s>', '<UNK>', ' ', 'ঁ', 'অ', 'আ', 'ই', 'উ', 'এ', 'ও', 'ক', 'খ', 'গ', 'ঘ', 'ঙ', 'চ', 'ছ', 'জ', 'ট', 'ঠ', 'ড', 'ঢ', 'ণ', 'ত', 'দ', 'ধ', 'ন', 'প', 'ফ', 'ব', 'ভ', 'ম', 'য', 'র', 'ল', 'শ', 'ষ', 'স', 'হ', '়', 'া', 'ি', 'ী', 'ু', 'ৃ', 'ে', 'ো', 'ৌ', '্']
2021-03-23 15:42:07 INFO: number of attribute 29
2021-03-23 15:42:07 INFO: dec 1st rnn LSTMCell(240, 400)
2021-03-23 15:42:07 INFO: number of parameter 8690891
2021-03-23 15:42:09 INFO: At 0-th epoch with lr 0.001000.
2021-03-23 15:42:11 INFO: Average dev loss value per instance is 2.889239 at the end of epoch 0
2021-03-23 15:42:12 INFO: dev accuracy is 0.000000 at the end of epoch 0
2021-03-23 15:42:12 INFO: dev average edit distance is 6.240000 at the end of epoch 0
2021-03-23 15:42:12 INFO: At 1-th epoch with lr 0.001000.
2021-03-23 15:42:13 INFO: Average dev loss value per instance is 2.427403 at the end of epoch 1
2021-03-23 15:42:14 INFO: dev accuracy is 0.000000 at the end of epoch 1
2021-03-23 15:42:14 INFO: dev average edit distance is 8.720000 at the end of epoch 1
2021-03-23 15:42:15 INFO: At 2-th epoch with lr 0.001000.
2021-03-23 15:42:16 INFO: Average dev loss value per instance is 2.016135 at the end of epoch 2
2021-03-23 15:42:17 INFO: dev accuracy is 0.000000 at the end of epoch 2
2021-03-23 15:42:17 INFO: dev average edit distance is 7.890000 at the end of epoch 2
2021-03-23 15:42:17 INFO: At 3-th epoch with lr 0.001000.
2021-03-23 15:42:19 INFO: Average dev loss value per instance is 1.597167 at the end of epoch 3
2021-03-23 15:42:20 INFO: dev accuracy is 1.000000 at the end of epoch 3
2021-03-23 15:42:20 INFO: dev average edit distance is 4.540000 at the end of epoch 3
2021-03-23 15:42:20 INFO: At 4-th epoch with lr 0.001000.
2021-03-23 15:42:21 INFO: Average dev loss value per instance is 1.363164 at the end of epoch 4
2021-03-23 15:42:22 INFO: dev accuracy is 0.000000 at the end of epoch 4
2021-03-23 15:42:22 INFO: dev average edit distance is 5.020000 at the end of epoch 4
2021-03-23 15:42:23 INFO: At 5-th epoch with lr 0.001000.
2021-03-23 15:42:24 INFO: Average dev loss value per instance is 1.126295 at the end of epoch 5
2021-03-23 15:42:25 INFO: dev accuracy is 8.000000 at the end of epoch 5
2021-03-23 15:42:25 INFO: dev average edit distance is 3.040000 at the end of epoch 5
2021-03-23 15:42:25 INFO: At 6-th epoch with lr 0.001000.
2021-03-23 15:42:26 INFO: Average dev loss value per instance is 1.049820 at the end of epoch 6
2021-03-23 15:42:27 INFO: dev accuracy is 8.000000 at the end of epoch 6
2021-03-23 15:42:27 INFO: dev average edit distance is 2.770000 at the end of epoch 6
2021-03-23 15:42:28 INFO: At 7-th epoch with lr 0.001000.
2021-03-23 15:42:29 INFO: Average dev loss value per instance is 0.911426 at the end of epoch 7
2021-03-23 15:42:30 INFO: dev accuracy is 17.000000 at the end of epoch 7
2021-03-23 15:42:30 INFO: dev average edit distance is 2.590000 at the end of epoch 7
2021-03-23 15:42:30 INFO: At 8-th epoch with lr 0.001000.
2021-03-23 15:42:31 INFO: Average dev loss value per instance is 0.899828 at the end of epoch 8
2021-03-23 15:42:32 INFO: dev accuracy is 20.000000 at the end of epoch 8
2021-03-23 15:42:32 INFO: dev average edit distance is 2.180000 at the end of epoch 8
2021-03-23 15:42:33 INFO: At 9-th epoch with lr 0.001000.
2021-03-23 15:42:34 INFO: Average dev loss value per instance is 0.793140 at the end of epoch 9
2021-03-23 15:42:35 INFO: dev accuracy is 25.000000 at the end of epoch 9
2021-03-23 15:42:35 INFO: dev average edit distance is 2.040000 at the end of epoch 9
2021-03-23 15:42:35 INFO: At 10-th epoch with lr 0.001000.
2021-03-23 15:42:37 INFO: Average dev loss value per instance is 0.787261 at the end of epoch 10
2021-03-23 15:42:38 INFO: dev accuracy is 28.000000 at the end of epoch 10
2021-03-23 15:42:38 INFO: dev average edit distance is 2.200000 at the end of epoch 10
2021-03-23 15:42:38 INFO: At 11-th epoch with lr 0.001000.
2021-03-23 15:42:39 INFO: Average dev loss value per instance is 0.877502 at the end of epoch 11
2021-03-23 15:42:40 INFO: dev accuracy is 29.000000 at the end of epoch 11
2021-03-23 15:42:40 INFO: dev average edit distance is 2.000000 at the end of epoch 11
2021-03-23 15:42:40 INFO: At 12-th epoch with lr 0.001000.
2021-03-23 15:42:42 INFO: Average dev loss value per instance is 0.841348 at the end of epoch 12
2021-03-23 15:42:43 INFO: dev accuracy is 23.000000 at the end of epoch 12
2021-03-23 15:42:43 INFO: dev average edit distance is 1.970000 at the end of epoch 12
2021-03-23 15:42:43 INFO: At 13-th epoch with lr 0.001000.
2021-03-23 15:42:44 INFO: Average dev loss value per instance is 0.895403 at the end of epoch 13
2021-03-23 15:42:45 INFO: dev accuracy is 27.000000 at the end of epoch 13
2021-03-23 15:42:45 INFO: dev average edit distance is 2.040000 at the end of epoch 13
2021-03-23 15:42:46 INFO: At 14-th epoch with lr 0.001000.
2021-03-23 15:42:47 INFO: Average dev loss value per instance is 0.927790 at the end of epoch 14
2021-03-23 15:42:48 INFO: dev accuracy is 30.000000 at the end of epoch 14
2021-03-23 15:42:48 INFO: dev average edit distance is 2.230000 at the end of epoch 14
2021-03-23 15:42:48 INFO: At 15-th epoch with lr 0.001000.
2021-03-23 15:42:49 INFO: Average dev loss value per instance is 0.900450 at the end of epoch 15
2021-03-23 15:42:50 INFO: dev accuracy is 38.000000 at the end of epoch 15
2021-03-23 15:42:50 INFO: dev average edit distance is 1.960000 at the end of epoch 15
2021-03-23 15:42:51 INFO: At 16-th epoch with lr 0.001000.
2021-03-23 15:42:52 INFO: Average dev loss value per instance is 0.860590 at the end of epoch 16
2021-03-23 15:42:53 INFO: dev accuracy is 37.000000 at the end of epoch 16
2021-03-23 15:42:53 INFO: dev average edit distance is 1.700000 at the end of epoch 16
2021-03-23 15:42:53 INFO: At 17-th epoch with lr 0.001000.
2021-03-23 15:42:55 INFO: Average dev loss value per instance is 0.884176 at the end of epoch 17
2021-03-23 15:42:56 INFO: dev accuracy is 42.000000 at the end of epoch 17
2021-03-23 15:42:56 INFO: dev average edit distance is 1.750000 at the end of epoch 17
2021-03-23 15:42:56 INFO: At 18-th epoch with lr 0.001000.
2021-03-23 15:42:57 INFO: Average dev loss value per instance is 0.932960 at the end of epoch 18
2021-03-23 15:42:58 INFO: dev accuracy is 36.000000 at the end of epoch 18
2021-03-23 15:42:58 INFO: dev average edit distance is 1.800000 at the end of epoch 18
2021-03-23 15:42:58 INFO: At 19-th epoch with lr 0.001000.
2021-03-23 15:43:00 INFO: Average dev loss value per instance is 0.911480 at the end of epoch 19
2021-03-23 15:43:01 INFO: dev accuracy is 34.000000 at the end of epoch 19
2021-03-23 15:43:01 INFO: dev average edit distance is 1.870000 at the end of epoch 19
2021-03-23 15:43:01 INFO: At 20-th epoch with lr 0.001000.
2021-03-23 15:43:02 INFO: Average dev loss value per instance is 0.946013 at the end of epoch 20
2021-03-23 15:43:03 INFO: dev accuracy is 32.000000 at the end of epoch 20
2021-03-23 15:43:03 INFO: dev average edit distance is 1.820000 at the end of epoch 20
2021-03-23 15:43:04 INFO: At 21-th epoch with lr 0.001000.
2021-03-23 15:43:05 INFO: Average dev loss value per instance is 0.897538 at the end of epoch 21
2021-03-23 15:43:06 INFO: dev accuracy is 34.000000 at the end of epoch 21
2021-03-23 15:43:06 INFO: dev average edit distance is 1.660000 at the end of epoch 21
2021-03-23 15:43:07 INFO: At 22-th epoch with lr 0.000500.
2021-03-23 15:43:08 INFO: Average dev loss value per instance is 0.868536 at the end of epoch 22
2021-03-23 15:43:09 INFO: dev accuracy is 42.000000 at the end of epoch 22
2021-03-23 15:43:09 INFO: dev average edit distance is 1.570000 at the end of epoch 22
2021-03-23 15:43:09 INFO: At 23-th epoch with lr 0.000500.
2021-03-23 15:43:10 INFO: Average dev loss value per instance is 0.823541 at the end of epoch 23
2021-03-23 15:43:11 INFO: dev accuracy is 44.000000 at the end of epoch 23
2021-03-23 15:43:11 INFO: dev average edit distance is 1.550000 at the end of epoch 23
2021-03-23 15:43:12 INFO: At 24-th epoch with lr 0.000500.
2021-03-23 15:43:13 INFO: Average dev loss value per instance is 0.831839 at the end of epoch 24
2021-03-23 15:43:14 INFO: dev accuracy is 42.000000 at the end of epoch 24
2021-03-23 15:43:14 INFO: dev average edit distance is 1.610000 at the end of epoch 24
2021-03-23 15:43:14 INFO: At 25-th epoch with lr 0.000500.
2021-03-23 15:43:16 INFO: Average dev loss value per instance is 0.866694 at the end of epoch 25
2021-03-23 15:43:17 INFO: dev accuracy is 43.000000 at the end of epoch 25
2021-03-23 15:43:17 INFO: dev average edit distance is 1.610000 at the end of epoch 25
2021-03-23 15:43:17 INFO: At 26-th epoch with lr 0.000500.
2021-03-23 15:43:18 INFO: Average dev loss value per instance is 0.903370 at the end of epoch 26
2021-03-23 15:43:19 INFO: dev accuracy is 43.000000 at the end of epoch 26
2021-03-23 15:43:19 INFO: dev average edit distance is 1.660000 at the end of epoch 26
2021-03-23 15:43:19 INFO: At 27-th epoch with lr 0.000500.
2021-03-23 15:43:21 INFO: Average dev loss value per instance is 0.881123 at the end of epoch 27
2021-03-23 15:43:22 INFO: dev accuracy is 41.000000 at the end of epoch 27
2021-03-23 15:43:22 INFO: dev average edit distance is 1.570000 at the end of epoch 27
2021-03-23 15:43:22 INFO: At 28-th epoch with lr 0.000500.
2021-03-23 15:43:23 INFO: Average dev loss value per instance is 0.873086 at the end of epoch 28
2021-03-23 15:43:24 INFO: dev accuracy is 41.000000 at the end of epoch 28
2021-03-23 15:43:24 INFO: dev average edit distance is 1.550000 at the end of epoch 28
2021-03-23 15:43:25 INFO: At 29-th epoch with lr 0.000500.
2021-03-23 15:43:26 INFO: Average dev loss value per instance is 0.900517 at the end of epoch 29
2021-03-23 15:43:27 INFO: dev accuracy is 45.000000 at the end of epoch 29
2021-03-23 15:43:27 INFO: dev average edit distance is 1.540000 at the end of epoch 29
2021-03-23 15:43:27 INFO: At 30-th epoch with lr 0.000500.
2021-03-23 15:43:28 INFO: Average dev loss value per instance is 0.893818 at the end of epoch 30
2021-03-23 15:43:29 INFO: dev accuracy is 44.000000 at the end of epoch 30
2021-03-23 15:43:29 INFO: dev average edit distance is 1.540000 at the end of epoch 30
2021-03-23 15:43:30 INFO: At 31-th epoch with lr 0.000500.
2021-03-23 15:43:31 INFO: Average dev loss value per instance is 0.911166 at the end of epoch 31
2021-03-23 15:43:32 INFO: dev accuracy is 43.000000 at the end of epoch 31
2021-03-23 15:43:32 INFO: dev average edit distance is 1.540000 at the end of epoch 31
2021-03-23 15:43:32 INFO: At 32-th epoch with lr 0.000500.
2021-03-23 15:43:34 INFO: Average dev loss value per instance is 0.917175 at the end of epoch 32
2021-03-23 15:43:35 INFO: dev accuracy is 45.000000 at the end of epoch 32
2021-03-23 15:43:35 INFO: dev average edit distance is 1.500000 at the end of epoch 32
2021-03-23 15:43:35 INFO: At 33-th epoch with lr 0.000250.
2021-03-23 15:43:36 INFO: Average dev loss value per instance is 0.899467 at the end of epoch 33
2021-03-23 15:43:37 INFO: dev accuracy is 46.000000 at the end of epoch 33
2021-03-23 15:43:37 INFO: dev average edit distance is 1.480000 at the end of epoch 33
2021-03-23 15:43:37 INFO: At 34-th epoch with lr 0.000250.
2021-03-23 15:43:39 INFO: Average dev loss value per instance is 0.926333 at the end of epoch 34
2021-03-23 15:43:40 INFO: dev accuracy is 46.000000 at the end of epoch 34
2021-03-23 15:43:40 INFO: dev average edit distance is 1.550000 at the end of epoch 34
2021-03-23 15:43:40 INFO: At 35-th epoch with lr 0.000250.
2021-03-23 15:43:41 INFO: Average dev loss value per instance is 0.909354 at the end of epoch 35
2021-03-23 15:43:42 INFO: dev accuracy is 45.000000 at the end of epoch 35
2021-03-23 15:43:42 INFO: dev average edit distance is 1.550000 at the end of epoch 35
2021-03-23 15:43:43 INFO: At 36-th epoch with lr 0.000250.
2021-03-23 15:43:44 INFO: Average dev loss value per instance is 0.916689 at the end of epoch 36
2021-03-23 15:43:45 INFO: dev accuracy is 46.000000 at the end of epoch 36
2021-03-23 15:43:45 INFO: dev average edit distance is 1.510000 at the end of epoch 36
2021-03-23 15:43:45 INFO: At 37-th epoch with lr 0.000250.
2021-03-23 15:43:46 INFO: Average dev loss value per instance is 0.920502 at the end of epoch 37
2021-03-23 15:43:47 INFO: dev accuracy is 47.000000 at the end of epoch 37
2021-03-23 15:43:47 INFO: dev average edit distance is 1.490000 at the end of epoch 37
2021-03-23 15:43:48 INFO: At 38-th epoch with lr 0.000250.
2021-03-23 15:43:49 INFO: Average dev loss value per instance is 0.946778 at the end of epoch 38
2021-03-23 15:43:50 INFO: dev accuracy is 47.000000 at the end of epoch 38
2021-03-23 15:43:50 INFO: dev average edit distance is 1.440000 at the end of epoch 38
2021-03-23 15:43:50 INFO: At 39-th epoch with lr 0.000250.
2021-03-23 15:43:51 INFO: Average dev loss value per instance is 0.923238 at the end of epoch 39
2021-03-23 15:43:53 INFO: dev accuracy is 48.000000 at the end of epoch 39
2021-03-23 15:43:53 INFO: dev average edit distance is 1.440000 at the end of epoch 39
2021-03-23 15:43:53 INFO: At 40-th epoch with lr 0.000250.
2021-03-23 15:43:54 INFO: Average dev loss value per instance is 0.913672 at the end of epoch 40
2021-03-23 15:43:55 INFO: dev accuracy is 48.000000 at the end of epoch 40
2021-03-23 15:43:55 INFO: dev average edit distance is 1.390000 at the end of epoch 40
2021-03-23 15:43:55 INFO: At 41-th epoch with lr 0.000250.
2021-03-23 15:43:57 INFO: Average dev loss value per instance is 0.908063 at the end of epoch 41
2021-03-23 15:43:58 INFO: dev accuracy is 46.000000 at the end of epoch 41
2021-03-23 15:43:58 INFO: dev average edit distance is 1.450000 at the end of epoch 41
2021-03-23 15:43:58 INFO: At 42-th epoch with lr 0.000250.
2021-03-23 15:43:59 INFO: Average dev loss value per instance is 0.909613 at the end of epoch 42
2021-03-23 15:44:00 INFO: dev accuracy is 46.000000 at the end of epoch 42
2021-03-23 15:44:00 INFO: dev average edit distance is 1.440000 at the end of epoch 42
2021-03-23 15:44:01 INFO: At 43-th epoch with lr 0.000250.
2021-03-23 15:44:02 INFO: Average dev loss value per instance is 0.904532 at the end of epoch 43
2021-03-23 15:44:03 INFO: dev accuracy is 45.000000 at the end of epoch 43
2021-03-23 15:44:03 INFO: dev average edit distance is 1.370000 at the end of epoch 43
2021-03-23 15:44:03 INFO: At 44-th epoch with lr 0.000125.
2021-03-23 15:44:04 INFO: Average dev loss value per instance is 0.913992 at the end of epoch 44
2021-03-23 15:44:05 INFO: dev accuracy is 46.000000 at the end of epoch 44
2021-03-23 15:44:05 INFO: dev average edit distance is 1.440000 at the end of epoch 44
2021-03-23 15:44:06 INFO: At 45-th epoch with lr 0.000125.
2021-03-23 15:44:07 INFO: Average dev loss value per instance is 0.910193 at the end of epoch 45
2021-03-23 15:44:08 INFO: dev accuracy is 47.000000 at the end of epoch 45
2021-03-23 15:44:08 INFO: dev average edit distance is 1.420000 at the end of epoch 45
2021-03-23 15:44:08 INFO: At 46-th epoch with lr 0.000125.
2021-03-23 15:44:09 INFO: Average dev loss value per instance is 0.924673 at the end of epoch 46
2021-03-23 15:44:11 INFO: dev accuracy is 46.000000 at the end of epoch 46
2021-03-23 15:44:11 INFO: dev average edit distance is 1.440000 at the end of epoch 46
2021-03-23 15:44:11 INFO: At 47-th epoch with lr 0.000125.
2021-03-23 15:44:12 INFO: Average dev loss value per instance is 0.921400 at the end of epoch 47
2021-03-23 15:44:13 INFO: dev accuracy is 46.000000 at the end of epoch 47
2021-03-23 15:44:13 INFO: dev average edit distance is 1.440000 at the end of epoch 47
2021-03-23 15:44:13 INFO: At 48-th epoch with lr 0.000125.
2021-03-23 15:44:15 INFO: Average dev loss value per instance is 0.926552 at the end of epoch 48
2021-03-23 15:44:16 INFO: dev accuracy is 46.000000 at the end of epoch 48
2021-03-23 15:44:16 INFO: dev average edit distance is 1.430000 at the end of epoch 48
2021-03-23 15:44:16 INFO: At 49-th epoch with lr 0.000125.
2021-03-23 15:44:17 INFO: Average dev loss value per instance is 0.917840 at the end of epoch 49
2021-03-23 15:44:18 INFO: dev accuracy is 46.000000 at the end of epoch 49
2021-03-23 15:44:18 INFO: dev average edit distance is 1.430000 at the end of epoch 49
2021-03-23 15:44:19 INFO: At 50-th epoch with lr 0.000125.
2021-03-23 15:44:20 INFO: Average dev loss value per instance is 0.909073 at the end of epoch 50
2021-03-23 15:44:21 INFO: dev accuracy is 46.000000 at the end of epoch 50
2021-03-23 15:44:21 INFO: dev average edit distance is 1.410000 at the end of epoch 50
2021-03-23 15:44:21 INFO: At 51-th epoch with lr 0.000125.
2021-03-23 15:44:23 INFO: Average dev loss value per instance is 0.922654 at the end of epoch 51
2021-03-23 15:44:24 INFO: dev accuracy is 45.000000 at the end of epoch 51
2021-03-23 15:44:24 INFO: dev average edit distance is 1.420000 at the end of epoch 51
2021-03-23 15:44:24 INFO: At 52-th epoch with lr 0.000125.
2021-03-23 15:44:25 INFO: Average dev loss value per instance is 0.922786 at the end of epoch 52
2021-03-23 15:44:26 INFO: dev accuracy is 46.000000 at the end of epoch 52
2021-03-23 15:44:26 INFO: dev average edit distance is 1.420000 at the end of epoch 52
2021-03-23 15:44:27 INFO: At 53-th epoch with lr 0.000125.
2021-03-23 15:44:28 INFO: Average dev loss value per instance is 0.932415 at the end of epoch 53
2021-03-23 15:44:29 INFO: dev accuracy is 46.000000 at the end of epoch 53
2021-03-23 15:44:29 INFO: dev average edit distance is 1.420000 at the end of epoch 53
2021-03-23 15:44:30 INFO: At 54-th epoch with lr 0.000125.
2021-03-23 15:44:31 INFO: Average dev loss value per instance is 0.918207 at the end of epoch 54
2021-03-23 15:44:32 INFO: dev accuracy is 46.000000 at the end of epoch 54
2021-03-23 15:44:32 INFO: dev average edit distance is 1.430000 at the end of epoch 54
2021-03-23 15:44:32 INFO: At 55-th epoch with lr 0.000063.
2021-03-23 15:44:33 INFO: Average dev loss value per instance is 0.943951 at the end of epoch 55
2021-03-23 15:44:34 INFO: dev accuracy is 47.000000 at the end of epoch 55
2021-03-23 15:44:34 INFO: dev average edit distance is 1.440000 at the end of epoch 55
2021-03-23 15:44:35 INFO: At 56-th epoch with lr 0.000063.
2021-03-23 15:44:36 INFO: Average dev loss value per instance is 0.906178 at the end of epoch 56
2021-03-23 15:44:37 INFO: dev accuracy is 47.000000 at the end of epoch 56
2021-03-23 15:44:37 INFO: dev average edit distance is 1.440000 at the end of epoch 56
2021-03-23 15:44:37 INFO: At 57-th epoch with lr 0.000063.
2021-03-23 15:44:39 INFO: Average dev loss value per instance is 0.915598 at the end of epoch 57
2021-03-23 15:44:40 INFO: dev accuracy is 47.000000 at the end of epoch 57
2021-03-23 15:44:40 INFO: dev average edit distance is 1.430000 at the end of epoch 57
2021-03-23 15:44:40 INFO: At 58-th epoch with lr 0.000063.
2021-03-23 15:44:41 INFO: Average dev loss value per instance is 0.928127 at the end of epoch 58
2021-03-23 15:44:42 INFO: dev accuracy is 47.000000 at the end of epoch 58
2021-03-23 15:44:42 INFO: dev average edit distance is 1.430000 at the end of epoch 58
2021-03-23 15:44:42 INFO: At 59-th epoch with lr 0.000063.
2021-03-23 15:44:44 INFO: Average dev loss value per instance is 0.909927 at the end of epoch 59
2021-03-23 15:44:45 INFO: dev accuracy is 47.000000 at the end of epoch 59
2021-03-23 15:44:45 INFO: dev average edit distance is 1.430000 at the end of epoch 59
2021-03-23 15:44:45 INFO: At 60-th epoch with lr 0.000063.
2021-03-23 15:44:46 INFO: Average dev loss value per instance is 0.925823 at the end of epoch 60
2021-03-23 15:44:47 INFO: dev accuracy is 47.000000 at the end of epoch 60
2021-03-23 15:44:47 INFO: dev average edit distance is 1.430000 at the end of epoch 60
2021-03-23 15:44:48 INFO: At 61-th epoch with lr 0.000063.
2021-03-23 15:44:49 INFO: Average dev loss value per instance is 0.916165 at the end of epoch 61
2021-03-23 15:44:50 INFO: dev accuracy is 47.000000 at the end of epoch 61
2021-03-23 15:44:50 INFO: dev average edit distance is 1.430000 at the end of epoch 61
2021-03-23 15:44:50 INFO: At 62-th epoch with lr 0.000063.
2021-03-23 15:44:51 INFO: Average dev loss value per instance is 0.909254 at the end of epoch 62
2021-03-23 15:44:52 INFO: dev accuracy is 48.000000 at the end of epoch 62
2021-03-23 15:44:52 INFO: dev average edit distance is 1.410000 at the end of epoch 62
2021-03-23 15:44:53 INFO: At 63-th epoch with lr 0.000063.
2021-03-23 15:44:54 INFO: Average dev loss value per instance is 0.898376 at the end of epoch 63
2021-03-23 15:44:55 INFO: dev accuracy is 48.000000 at the end of epoch 63
2021-03-23 15:44:55 INFO: dev average edit distance is 1.410000 at the end of epoch 63
2021-03-23 15:44:55 INFO: At 64-th epoch with lr 0.000063.
2021-03-23 15:44:57 INFO: Average dev loss value per instance is 0.921924 at the end of epoch 64
2021-03-23 15:44:58 INFO: dev accuracy is 47.000000 at the end of epoch 64
2021-03-23 15:44:58 INFO: dev average edit distance is 1.430000 at the end of epoch 64
2021-03-23 15:44:58 INFO: At 65-th epoch with lr 0.000063.
2021-03-23 15:44:59 INFO: Average dev loss value per instance is 0.900924 at the end of epoch 65
2021-03-23 15:45:00 INFO: dev accuracy is 47.000000 at the end of epoch 65
2021-03-23 15:45:00 INFO: dev average edit distance is 1.430000 at the end of epoch 65
2021-03-23 15:45:00 INFO: At 66-th epoch with lr 0.000031.
2021-03-23 15:45:02 INFO: Average dev loss value per instance is 0.910833 at the end of epoch 66
2021-03-23 15:45:03 INFO: dev accuracy is 47.000000 at the end of epoch 66
2021-03-23 15:45:03 INFO: dev average edit distance is 1.420000 at the end of epoch 66
2021-03-23 15:45:03 INFO: At 67-th epoch with lr 0.000031.
2021-03-23 15:45:04 INFO: Average dev loss value per instance is 0.906234 at the end of epoch 67
2021-03-23 15:45:05 INFO: dev accuracy is 48.000000 at the end of epoch 67
2021-03-23 15:45:05 INFO: dev average edit distance is 1.400000 at the end of epoch 67
2021-03-23 15:45:06 INFO: At 68-th epoch with lr 0.000031.
2021-03-23 15:45:07 INFO: Average dev loss value per instance is 0.920440 at the end of epoch 68
2021-03-23 15:45:08 INFO: dev accuracy is 48.000000 at the end of epoch 68
2021-03-23 15:45:08 INFO: dev average edit distance is 1.400000 at the end of epoch 68
2021-03-23 15:45:08 INFO: At 69-th epoch with lr 0.000031.
2021-03-23 15:45:10 INFO: Average dev loss value per instance is 0.890104 at the end of epoch 69
2021-03-23 15:45:11 INFO: dev accuracy is 48.000000 at the end of epoch 69
2021-03-23 15:45:11 INFO: dev average edit distance is 1.400000 at the end of epoch 69
2021-03-23 15:45:11 INFO: At 70-th epoch with lr 0.000031.
2021-03-23 15:45:12 INFO: Average dev loss value per instance is 0.919807 at the end of epoch 70
2021-03-23 15:45:13 INFO: dev accuracy is 48.000000 at the end of epoch 70
2021-03-23 15:45:13 INFO: dev average edit distance is 1.400000 at the end of epoch 70
2021-03-23 15:45:13 INFO: At 71-th epoch with lr 0.000031.
2021-03-23 15:45:15 INFO: Average dev loss value per instance is 0.916205 at the end of epoch 71
2021-03-23 15:45:16 INFO: dev accuracy is 48.000000 at the end of epoch 71
2021-03-23 15:45:16 INFO: dev average edit distance is 1.400000 at the end of epoch 71
2021-03-23 15:45:16 INFO: At 72-th epoch with lr 0.000031.
2021-03-23 15:45:17 INFO: Average dev loss value per instance is 0.909919 at the end of epoch 72
2021-03-23 15:45:18 INFO: dev accuracy is 48.000000 at the end of epoch 72
2021-03-23 15:45:18 INFO: dev average edit distance is 1.400000 at the end of epoch 72
2021-03-23 15:45:19 INFO: At 73-th epoch with lr 0.000031.
2021-03-23 15:45:20 INFO: Average dev loss value per instance is 0.927825 at the end of epoch 73
2021-03-23 15:45:21 INFO: dev accuracy is 48.000000 at the end of epoch 73
2021-03-23 15:45:21 INFO: dev average edit distance is 1.400000 at the end of epoch 73
2021-03-23 15:45:21 INFO: At 74-th epoch with lr 0.000031.
2021-03-23 15:45:22 INFO: Average dev loss value per instance is 0.910607 at the end of epoch 74
2021-03-23 15:45:24 INFO: dev accuracy is 48.000000 at the end of epoch 74
2021-03-23 15:45:24 INFO: dev average edit distance is 1.400000 at the end of epoch 74
2021-03-23 15:45:24 INFO: At 75-th epoch with lr 0.000031.
2021-03-23 15:45:25 INFO: Average dev loss value per instance is 0.905093 at the end of epoch 75
2021-03-23 15:45:26 INFO: dev accuracy is 48.000000 at the end of epoch 75
2021-03-23 15:45:26 INFO: dev average edit distance is 1.410000 at the end of epoch 75
2021-03-23 15:45:26 INFO: At 76-th epoch with lr 0.000031.
2021-03-23 15:45:28 INFO: Average dev loss value per instance is 0.928401 at the end of epoch 76
2021-03-23 15:45:29 INFO: dev accuracy is 47.000000 at the end of epoch 76
2021-03-23 15:45:29 INFO: dev average edit distance is 1.430000 at the end of epoch 76
2021-03-23 15:45:29 INFO: At 77-th epoch with lr 0.000016.
2021-03-23 15:45:30 INFO: Average dev loss value per instance is 0.924067 at the end of epoch 77
2021-03-23 15:45:31 INFO: dev accuracy is 48.000000 at the end of epoch 77
2021-03-23 15:45:31 INFO: dev average edit distance is 1.400000 at the end of epoch 77
2021-03-23 15:45:31 INFO: At 78-th epoch with lr 0.000016.
2021-03-23 15:45:33 INFO: Average dev loss value per instance is 0.911722 at the end of epoch 78
2021-03-23 15:45:34 INFO: dev accuracy is 48.000000 at the end of epoch 78
2021-03-23 15:45:34 INFO: dev average edit distance is 1.400000 at the end of epoch 78
2021-03-23 15:45:34 INFO: At 79-th epoch with lr 0.000016.
2021-03-23 15:45:35 INFO: Average dev loss value per instance is 0.915376 at the end of epoch 79
2021-03-23 15:45:36 INFO: dev accuracy is 48.000000 at the end of epoch 79
2021-03-23 15:45:36 INFO: dev average edit distance is 1.400000 at the end of epoch 79
2021-03-23 15:45:37 INFO: At 80-th epoch with lr 0.000016.
2021-03-23 15:45:38 INFO: Average dev loss value per instance is 0.932245 at the end of epoch 80
2021-03-23 15:45:39 INFO: dev accuracy is 48.000000 at the end of epoch 80
2021-03-23 15:45:39 INFO: dev average edit distance is 1.400000 at the end of epoch 80
2021-03-23 15:45:39 INFO: At 81-th epoch with lr 0.000016.
2021-03-23 15:45:41 INFO: Average dev loss value per instance is 0.921779 at the end of epoch 81
2021-03-23 15:45:42 INFO: dev accuracy is 48.000000 at the end of epoch 81
2021-03-23 15:45:42 INFO: dev average edit distance is 1.400000 at the end of epoch 81
2021-03-23 15:45:42 INFO: At 82-th epoch with lr 0.000016.
2021-03-23 15:45:43 INFO: Average dev loss value per instance is 0.916413 at the end of epoch 82
2021-03-23 15:45:44 INFO: dev accuracy is 48.000000 at the end of epoch 82
2021-03-23 15:45:44 INFO: dev average edit distance is 1.400000 at the end of epoch 82
2021-03-23 15:45:44 INFO: At 83-th epoch with lr 0.000016.
2021-03-23 15:45:46 INFO: Average dev loss value per instance is 0.914993 at the end of epoch 83
2021-03-23 15:45:47 INFO: dev accuracy is 48.000000 at the end of epoch 83
2021-03-23 15:45:47 INFO: dev average edit distance is 1.400000 at the end of epoch 83
2021-03-23 15:45:47 INFO: At 84-th epoch with lr 0.000016.
2021-03-23 15:45:48 INFO: Average dev loss value per instance is 0.919159 at the end of epoch 84
2021-03-23 15:45:49 INFO: dev accuracy is 48.000000 at the end of epoch 84
2021-03-23 15:45:49 INFO: dev average edit distance is 1.400000 at the end of epoch 84
2021-03-23 15:45:50 INFO: At 85-th epoch with lr 0.000016.
2021-03-23 15:45:51 INFO: Average dev loss value per instance is 0.920765 at the end of epoch 85
2021-03-23 15:45:52 INFO: dev accuracy is 48.000000 at the end of epoch 85
2021-03-23 15:45:52 INFO: dev average edit distance is 1.400000 at the end of epoch 85
2021-03-23 15:45:52 INFO: At 86-th epoch with lr 0.000016.
2021-03-23 15:45:53 INFO: Average dev loss value per instance is 0.910772 at the end of epoch 86
2021-03-23 15:45:54 INFO: dev accuracy is 48.000000 at the end of epoch 86
2021-03-23 15:45:54 INFO: dev average edit distance is 1.400000 at the end of epoch 86
2021-03-23 15:45:55 INFO: At 87-th epoch with lr 0.000016.
2021-03-23 15:45:56 INFO: Average dev loss value per instance is 0.935144 at the end of epoch 87
2021-03-23 15:45:57 INFO: dev accuracy is 48.000000 at the end of epoch 87
2021-03-23 15:45:57 INFO: dev average edit distance is 1.400000 at the end of epoch 87
2021-03-23 15:45:57 INFO: At 88-th epoch with lr 0.000010.
2021-03-23 15:45:59 INFO: Average dev loss value per instance is 0.916255 at the end of epoch 88
2021-03-23 15:46:00 INFO: dev accuracy is 48.000000 at the end of epoch 88
2021-03-23 15:46:00 INFO: dev average edit distance is 1.400000 at the end of epoch 88
2021-03-23 15:46:00 INFO: At 89-th epoch with lr 0.000010.
2021-03-23 15:46:01 INFO: Average dev loss value per instance is 0.925084 at the end of epoch 89
2021-03-23 15:46:02 INFO: dev accuracy is 48.000000 at the end of epoch 89
2021-03-23 15:46:02 INFO: dev average edit distance is 1.400000 at the end of epoch 89
2021-03-23 15:46:02 INFO: Early stopping triggered with epoch 89 (previous dev loss: 0.916255, current: 0.925084)
2021-03-23 15:46:02 INFO: loading model/sigmorphon19/task1/tag-soft/hindi--bengali.nll_0.9163.acc_48.0.dist_1.4.epoch_88 for testing
2021-03-23 15:46:02 INFO: load model in model/sigmorphon19/task1/tag-soft/hindi--bengali.nll_0.9163.acc_48.0.dist_1.4.epoch_88
2021-03-23 15:46:02 INFO: decoding dev set
2021-03-23 15:46:03 INFO: finished decoding 100 dev instance
